<?xml version="1.0" encoding="utf-8"?><testsuites name="pytest tests"><testsuite name="pytest" errors="0" failures="0" skipped="0" tests="83" time="34.349" timestamp="2025-12-26T18:14:14.421125+02:00" hostname="dee-pc"><testcase classname="tests.test_adversarial_property" name="test_generated_artifact_high_without_evidence_is_dropped" time="0.003" /><testcase classname="tests.test_adversarial_property" name="test_obfuscated_comment_evidence_populates_provenance" time="0.002" /><testcase classname="tests.test_adversarial_property" name="test_polyglot_file_without_evidence_is_dropped" time="0.001" /><testcase classname="tests.test_bounty_integration.TestBountyIntegration" name="test_bounty_assessment_basic" time="0.227" /><testcase classname="tests.test_bounty_integration.TestBountyIntegration" name="test_bounty_solution_generation" time="0.225" /><testcase classname="tests.test_bounty_integration.TestBountyIntegration" name="test_bounty_validation" time="0.219" /><testcase classname="tests.test_bounty_integration.TestBountyIntegration" name="test_bounty_invalid_data" time="0.205" /><testcase classname="tests.test_bounty_integration.TestBountyIntegration" name="test_bounty_missing_solution_code" time="0.207" /><testcase classname="tests.test_bounty_integration.TestBountyIntegration" name="test_bounty_nonexistent_repo" time="0.202" /><testcase classname="tests.test_bounty_integration.TestBountyIntegration" name="test_bounty_file_as_repo" time="0.198" /><testcase classname="tests.test_calibration_golden_repos" name="test_golden_repos_precision_threshold" time="0.001" /><testcase classname="tests.test_cross_platform.TestCrossPlatform" name="test_path_handling" time="0.052" /><testcase classname="tests.test_cross_platform.TestCrossPlatform" name="test_environment_variables" time="0.035" /><testcase classname="tests.test_cross_platform.TestCrossPlatform" name="test_file_permissions" time="0.037" /><testcase classname="tests.test_cross_platform.TestCrossPlatform" name="test_unicode_filenames" time="0.040" /><testcase classname="tests.test_detectors_evidence_first" name="test_high_findings_without_evidence_are_dropped" time="0.001" /><testcase classname="tests.test_determinism" name="test_determinism_multiple_runs" time="0.701" /><testcase classname="tests.test_determinism" name="test_determinism_different_output_dirs" time="0.444" /><testcase classname="tests.test_determinism" name="test_determinism_repository_content" time="0.435" /><testcase classname="tests.test_determinism" name="test_determinism_json_canonical_sorting" time="0.218" /><testcase classname="tests.test_determinism" name="test_determinism_no_timestamps" time="0.213" /><testcase classname="tests.test_determinism" name="test_determinism_file_ordering" time="0.215" /><testcase classname="tests.test_deterministic_provenance" name="test_provenance_population_for_existing_source" time="0.002" /><testcase classname="tests.test_evidence_normalization" name="test_evidence_normalization_wrapping" time="0.001" /><testcase classname="tests.test_integration_5nines.TestFiveNinesValidation" name="test_differential_logic_oracle_backtesting" time="0.032" /><testcase classname="tests.test_integration_5nines.TestFiveNinesValidation" name="test_contextual_grafting_audit" time="0.250" /><testcase classname="tests.test_integration_5nines.TestFiveNinesValidation" name="test_build_lock_integrity_sandbox" time="0.003" /><testcase classname="tests.test_integration_5nines.TestFiveNinesValidation" name="test_reputation_roi_monitor_validation" time="0.000" /><testcase classname="tests.test_integration_5nines.TestFiveNinesValidation" name="test_star_loss_trigger_simulation" time="0.000" /><testcase classname="tests.test_integration_5nines.TestFiveNinesValidation" name="test_latency_accuracy_validation" time="0.000" /><testcase classname="tests.test_integration_5nines.TestFiveNinesValidation" name="test_ethical_transparency_audit" time="0.001" /><testcase classname="tests.test_integration_5nines.TestFiveNinesValidation" name="test_integrity_footer_generation" time="0.000" /><testcase classname="tests.test_integration_5nines.TestFiveNinesValidation" name="test_platform_compliance_validation" time="0.000" /><testcase classname="tests.test_integration_5nines.TestFiveNinesValidation" name="test_end_to_end_5nines_validation" time="0.251" /><testcase classname="tests.test_output_contract" name="test_generate_primary_report_basic" time="0.000" /><testcase classname="tests.test_output_contract" name="test_generate_primary_report_fallback" time="0.000" /><testcase classname="tests.test_output_contract" name="test_generate_machine_output_basic" time="0.000" /><testcase classname="tests.test_output_contract" name="test_generate_machine_output_fallback" time="0.000" /><testcase classname="tests.test_output_contract" name="test_machine_output_json_serializable" time="0.000" /><testcase classname="tests.test_output_contract" name="test_machine_output_schema_compliance" time="0.000" /><testcase classname="tests.test_output_contract" name="test_generate_executive_verdict_pass" time="0.000" /><testcase classname="tests.test_output_contract" name="test_generate_executive_verdict_fail" time="0.000" /><testcase classname="tests.test_output_contract" name="test_generate_executive_verdict_insufficient_evidence" time="0.000" /><testcase classname="tests.test_output_contract" name="test_generate_executive_verdict_word_limit" time="0.000" /><testcase classname="tests.test_output_schemas" name="test_scan_report_schema" time="0.003" /><testcase classname="tests.test_output_schemas" name="test_bounty_assessment_schema_noop" time="0.000" /><testcase classname="tests.test_performance.TestPerformance" name="test_large_repository_analysis" time="12.016" /><testcase classname="tests.test_performance.TestPerformance" name="test_concurrent_analyses" time="0.191" /><testcase classname="tests.test_performance.TestPerformance" name="test_memory_usage_bounds" time="8.114" /><testcase classname="tests.test_performance.TestPerformance" name="test_scalability_with_workers" time="4.766" /><testcase classname="tests.test_pipeline" name="test_execute_pipeline_basic" time="0.008" /><testcase classname="tests.test_pipeline" name="test_execute_pipeline_git_repo" time="0.031" /><testcase classname="tests.test_pipeline" name="test_execute_pipeline_empty_repo" time="0.007" /><testcase classname="tests.test_pipeline" name="test_execute_pipeline_nested_structure" time="0.011" /><testcase classname="tests.test_pipeline" name="test_execute_pipeline_file_sorting" time="0.008" /><testcase classname="tests.test_pipeline" name="test_execute_pipeline_subdirectory_start" time="0.009" /><testcase classname="tests.test_pr_automation_unit" name="test_surgical_minimalist_filter_handles_none_persona_and_returns_structure" time="0.000" /><testcase classname="tests.test_pr_automation_unit" name="test_commit_fragmenter_fragment_changes_structure" time="0.000" /><testcase classname="tests.test_provenance_fields" name="test_provenance_population" time="0.002" /><testcase classname="tests.test_repository_discovery" name="test_discover_repository_root_git" time="0.017" /><testcase classname="tests.test_repository_discovery" name="test_discover_repository_root_non_git" time="0.005" /><testcase classname="tests.test_repository_discovery" name="test_get_canonical_file_list" time="0.002" /><testcase classname="tests.test_repository_discovery" name="test_get_canonical_file_list_empty" time="0.001" /><testcase classname="tests.test_repository_discovery" name="test_get_canonical_file_list_nested" time="0.002" /><testcase classname="tests.test_repository_discovery" name="test_discover_repository_root_invalid_path" time="0.000" /><testcase classname="tests.test_repository_discovery" name="test_get_canonical_file_list_invalid_path" time="0.000" /><testcase classname="tests.test_repository_discovery_excludes" name="test_excludes_skip_generated_dirs_and_files" time="0.002" /><testcase classname="tests.test_scanner_cli" name="test_cli_valid_repository" time="0.296" /><testcase classname="tests.test_scanner_cli" name="test_cli_invalid_repository" time="0.251" /><testcase classname="tests.test_scanner_cli" name="test_cli_file_as_repo" time="0.267" /><testcase classname="tests.test_scanner_cli" name="test_cli_markdown_only" time="0.252" /><testcase classname="tests.test_scanner_cli" name="test_cli_json_only" time="0.269" /><testcase classname="tests.test_scanner_cli" name="test_output_markdown_structure" time="0.280" /><testcase classname="tests.test_scanner_cli" name="test_output_json_schema" time="0.274" /><testcase classname="tests.test_scanner_cli" name="test_determinism" time="0.495" /><testcase classname="tests.test_scanner_cli" name="test_repository_discovery_git_repo" time="0.327" /><testcase classname="tests.test_scanner_cli" name="test_repository_discovery_non_git" time="0.290" /><testcase classname="tests.test_scanner_cli" name="test_scanner_cli_invocation" time="0.000" /><testcase classname="tests.test_scanner_cli" name="test_cli_report_type_comprehensive" time="0.281" /><testcase classname="tests.test_scanner_cli" name="test_cli_report_type_verdict" time="0.312" /><testcase classname="tests.test_scanner_cli" name="test_cli_report_type_both" time="0.353" /><testcase classname="tests.test_scanner_cli" name="test_cli_report_type_default" time="0.377" /><testcase classname="tests.test_schema_version_compatibility" name="test_scan_report_includes_schema_version_if_defined" time="0.004" /></testsuite></testsuites>