<?xml version="1.0" encoding="utf-8"?><testsuites name="pytest tests"><testsuite name="pytest" errors="1079" failures="0" skipped="0" tests="1079" time="61.248" timestamp="2025-12-31T12:00:20.987715+02:00" hostname="dee-pc"><testcase classname="" name="validation_data.repositories.django_django.tests.admin_changelist.test_date_hierarchy" time="0.000"><error message="collection failure">ImportError while importing test module '/home/dee/workspace/AI/Repo-Scanner/validation_data/repositories/django_django/tests/admin_changelist/test_date_hierarchy.py'.
Hint: make sure your test modules/packages have valid Python names.
Traceback:
../../../.pyenv/versions/3.11.9/lib/python3.11/importlib/__init__.py:126: in import_module
    return _bootstrap._gcd_import(name[level:], package, level)
           ^^^^^^^^^^^^^^^^^^^^^^^^^^^^^^^^^^^^^^^^^^^^^^^^^^^^
validation_data/repositories/django_django/tests/admin_changelist/test_date_hierarchy.py:3: in &lt;module&gt;
    from django.contrib.admin.options import IncorrectLookupParameters
E   ModuleNotFoundError: No module named 'django'</error></testcase><testcase classname="" name="validation_data.repositories.django_django.tests.admin_docs.test_middleware" time="0.000"><error message="collection failure">ImportError while importing test module '/home/dee/workspace/AI/Repo-Scanner/validation_data/repositories/django_django/tests/admin_docs/test_middleware.py'.
Hint: make sure your test modules/packages have valid Python names.
Traceback:
../../../.pyenv/versions/3.11.9/lib/python3.11/importlib/__init__.py:126: in import_module
    return _bootstrap._gcd_import(name[level:], package, level)
           ^^^^^^^^^^^^^^^^^^^^^^^^^^^^^^^^^^^^^^^^^^^^^^^^^^^^
validation_data/repositories/django_django/tests/admin_docs/test_middleware.py:1: in &lt;module&gt;
    from django.contrib.auth.models import User
E   ModuleNotFoundError: No module named 'django'</error></testcase><testcase classname="" name="validation_data.repositories.django_django.tests.admin_docs.test_utils" time="0.000"><error message="collection failure">ImportError while importing test module '/home/dee/workspace/AI/Repo-Scanner/validation_data/repositories/django_django/tests/admin_docs/test_utils.py'.
Hint: make sure your test modules/packages have valid Python names.
Traceback:
../../../.pyenv/versions/3.11.9/lib/python3.11/importlib/__init__.py:126: in import_module
    return _bootstrap._gcd_import(name[level:], package, level)
           ^^^^^^^^^^^^^^^^^^^^^^^^^^^^^^^^^^^^^^^^^^^^^^^^^^^^
validation_data/repositories/django_django/tests/admin_docs/test_utils.py:3: in &lt;module&gt;
    from django.contrib.admindocs.utils import (
E   ModuleNotFoundError: No module named 'django'</error></testcase><testcase classname="" name="validation_data.repositories.django_django.tests.admin_docs.test_views" time="0.000"><error message="collection failure">ImportError while importing test module '/home/dee/workspace/AI/Repo-Scanner/validation_data/repositories/django_django/tests/admin_docs/test_views.py'.
Hint: make sure your test modules/packages have valid Python names.
Traceback:
../../../.pyenv/versions/3.11.9/lib/python3.11/importlib/__init__.py:126: in import_module
    return _bootstrap._gcd_import(name[level:], package, level)
           ^^^^^^^^^^^^^^^^^^^^^^^^^^^^^^^^^^^^^^^^^^^^^^^^^^^^
validation_data/repositories/django_django/tests/admin_docs/test_views.py:4: in &lt;module&gt;
    from django.conf import settings
E   ModuleNotFoundError: No module named 'django'</error></testcase><testcase classname="" name="validation_data.repositories.django_django.tests.admin_inlines.test_templates" time="0.000"><error message="collection failure">ImportError while importing test module '/home/dee/workspace/AI/Repo-Scanner/validation_data/repositories/django_django/tests/admin_inlines/test_templates.py'.
Hint: make sure your test modules/packages have valid Python names.
Traceback:
../../../.pyenv/versions/3.11.9/lib/python3.11/importlib/__init__.py:126: in import_module
    return _bootstrap._gcd_import(name[level:], package, level)
           ^^^^^^^^^^^^^^^^^^^^^^^^^^^^^^^^^^^^^^^^^^^^^^^^^^^^
validation_data/repositories/django_django/tests/admin_inlines/test_templates.py:3: in &lt;module&gt;
    from django.template.loader import render_to_string
E   ModuleNotFoundError: No module named 'django'</error></testcase><testcase classname="" name="validation_data.repositories.django_django.tests.admin_utils.test_logentry" time="0.000"><error message="collection failure">ImportError while importing test module '/home/dee/workspace/AI/Repo-Scanner/validation_data/repositories/django_django/tests/admin_utils/test_logentry.py'.
Hint: make sure your test modules/packages have valid Python names.
Traceback:
../../../.pyenv/versions/3.11.9/lib/python3.11/importlib/__init__.py:126: in import_module
    return _bootstrap._gcd_import(name[level:], package, level)
           ^^^^^^^^^^^^^^^^^^^^^^^^^^^^^^^^^^^^^^^^^^^^^^^^^^^^
validation_data/repositories/django_django/tests/admin_utils/test_logentry.py:4: in &lt;module&gt;
    from django.contrib.admin.models import ADDITION, CHANGE, DELETION, LogEntry
E   ModuleNotFoundError: No module named 'django'</error></testcase><testcase classname="" name="validation_data.repositories.django_django.tests.admin_views.test_actions" time="0.000"><error message="collection failure">ImportError while importing test module '/home/dee/workspace/AI/Repo-Scanner/validation_data/repositories/django_django/tests/admin_views/test_actions.py'.
Hint: make sure your test modules/packages have valid Python names.
Traceback:
../../../.pyenv/versions/3.11.9/lib/python3.11/importlib/__init__.py:126: in import_module
    return _bootstrap._gcd_import(name[level:], package, level)
           ^^^^^^^^^^^^^^^^^^^^^^^^^^^^^^^^^^^^^^^^^^^^^^^^^^^^
validation_data/repositories/django_django/tests/admin_views/test_actions.py:3: in &lt;module&gt;
    from django.contrib.admin.helpers import ACTION_CHECKBOX_NAME
E   ModuleNotFoundError: No module named 'django'</error></testcase><testcase classname="" name="validation_data.repositories.django_django.tests.admin_views.test_adminsite" time="0.000"><error message="collection failure">ImportError while importing test module '/home/dee/workspace/AI/Repo-Scanner/validation_data/repositories/django_django/tests/admin_views/test_adminsite.py'.
Hint: make sure your test modules/packages have valid Python names.
Traceback:
../../../.pyenv/versions/3.11.9/lib/python3.11/importlib/__init__.py:126: in import_module
    return _bootstrap._gcd_import(name[level:], package, level)
           ^^^^^^^^^^^^^^^^^^^^^^^^^^^^^^^^^^^^^^^^^^^^^^^^^^^^
validation_data/repositories/django_django/tests/admin_views/test_adminsite.py:1: in &lt;module&gt;
    from django.contrib import admin
E   ModuleNotFoundError: No module named 'django'</error></testcase><testcase classname="" name="validation_data.repositories.django_django.tests.admin_views.test_autocomplete_view" time="0.000"><error message="collection failure">ImportError while importing test module '/home/dee/workspace/AI/Repo-Scanner/validation_data/repositories/django_django/tests/admin_views/test_autocomplete_view.py'.
Hint: make sure your test modules/packages have valid Python names.
Traceback:
../../../.pyenv/versions/3.11.9/lib/python3.11/importlib/__init__.py:126: in import_module
    return _bootstrap._gcd_import(name[level:], package, level)
           ^^^^^^^^^^^^^^^^^^^^^^^^^^^^^^^^^^^^^^^^^^^^^^^^^^^^
validation_data/repositories/django_django/tests/admin_views/test_autocomplete_view.py:5: in &lt;module&gt;
    from django.contrib import admin
E   ModuleNotFoundError: No module named 'django'</error></testcase><testcase classname="" name="validation_data.repositories.django_django.tests.admin_views.test_breadcrumbs" time="0.000"><error message="collection failure">ImportError while importing test module '/home/dee/workspace/AI/Repo-Scanner/validation_data/repositories/django_django/tests/admin_views/test_breadcrumbs.py'.
Hint: make sure your test modules/packages have valid Python names.
Traceback:
../../../.pyenv/versions/3.11.9/lib/python3.11/importlib/__init__.py:126: in import_module
    return _bootstrap._gcd_import(name[level:], package, level)
           ^^^^^^^^^^^^^^^^^^^^^^^^^^^^^^^^^^^^^^^^^^^^^^^^^^^^
validation_data/repositories/django_django/tests/admin_views/test_breadcrumbs.py:1: in &lt;module&gt;
    from django.contrib.auth.models import User
E   ModuleNotFoundError: No module named 'django'</error></testcase><testcase classname="" name="validation_data.repositories.django_django.tests.admin_views.test_forms" time="0.000"><error message="collection failure">ImportError while importing test module '/home/dee/workspace/AI/Repo-Scanner/validation_data/repositories/django_django/tests/admin_views/test_forms.py'.
Hint: make sure your test modules/packages have valid Python names.
Traceback:
../../../.pyenv/versions/3.11.9/lib/python3.11/importlib/__init__.py:126: in import_module
    return _bootstrap._gcd_import(name[level:], package, level)
           ^^^^^^^^^^^^^^^^^^^^^^^^^^^^^^^^^^^^^^^^^^^^^^^^^^^^
validation_data/repositories/django_django/tests/admin_views/test_forms.py:1: in &lt;module&gt;
    from django.contrib.admin.forms import AdminAuthenticationForm
E   ModuleNotFoundError: No module named 'django'</error></testcase><testcase classname="" name="validation_data.repositories.django_django.tests.admin_views.test_history_view" time="0.000"><error message="collection failure">ImportError while importing test module '/home/dee/workspace/AI/Repo-Scanner/validation_data/repositories/django_django/tests/admin_views/test_history_view.py'.
Hint: make sure your test modules/packages have valid Python names.
Traceback:
../../../.pyenv/versions/3.11.9/lib/python3.11/importlib/__init__.py:126: in import_module
    return _bootstrap._gcd_import(name[level:], package, level)
           ^^^^^^^^^^^^^^^^^^^^^^^^^^^^^^^^^^^^^^^^^^^^^^^^^^^^
validation_data/repositories/django_django/tests/admin_views/test_history_view.py:1: in &lt;module&gt;
    from django.contrib.admin.models import CHANGE, LogEntry
E   ModuleNotFoundError: No module named 'django'</error></testcase><testcase classname="" name="validation_data.repositories.django_django.tests.admin_views.test_multidb" time="0.000"><error message="collection failure">ImportError while importing test module '/home/dee/workspace/AI/Repo-Scanner/validation_data/repositories/django_django/tests/admin_views/test_multidb.py'.
Hint: make sure your test modules/packages have valid Python names.
Traceback:
../../../.pyenv/versions/3.11.9/lib/python3.11/importlib/__init__.py:126: in import_module
    return _bootstrap._gcd_import(name[level:], package, level)
           ^^^^^^^^^^^^^^^^^^^^^^^^^^^^^^^^^^^^^^^^^^^^^^^^^^^^
validation_data/repositories/django_django/tests/admin_views/test_multidb.py:3: in &lt;module&gt;
    from django.contrib import admin
E   ModuleNotFoundError: No module named 'django'</error></testcase><testcase classname="" name="validation_data.repositories.django_django.tests.admin_views.test_nav_sidebar" time="0.000"><error message="collection failure">ImportError while importing test module '/home/dee/workspace/AI/Repo-Scanner/validation_data/repositories/django_django/tests/admin_views/test_nav_sidebar.py'.
Hint: make sure your test modules/packages have valid Python names.
Traceback:
../../../.pyenv/versions/3.11.9/lib/python3.11/importlib/__init__.py:126: in import_module
    return _bootstrap._gcd_import(name[level:], package, level)
           ^^^^^^^^^^^^^^^^^^^^^^^^^^^^^^^^^^^^^^^^^^^^^^^^^^^^
validation_data/repositories/django_django/tests/admin_views/test_nav_sidebar.py:1: in &lt;module&gt;
    from django.contrib import admin
E   ModuleNotFoundError: No module named 'django'</error></testcase><testcase classname="" name="validation_data.repositories.django_django.tests.admin_views.test_password_form" time="0.000"><error message="collection failure">ImportError while importing test module '/home/dee/workspace/AI/Repo-Scanner/validation_data/repositories/django_django/tests/admin_views/test_password_form.py'.
Hint: make sure your test modules/packages have valid Python names.
Traceback:
../../../.pyenv/versions/3.11.9/lib/python3.11/importlib/__init__.py:126: in import_module
    return _bootstrap._gcd_import(name[level:], package, level)
           ^^^^^^^^^^^^^^^^^^^^^^^^^^^^^^^^^^^^^^^^^^^^^^^^^^^^
validation_data/repositories/django_django/tests/admin_views/test_password_form.py:1: in &lt;module&gt;
    from django.contrib.admin.tests import AdminSeleniumTestCase
E   ModuleNotFoundError: No module named 'django'</error></testcase><testcase classname="" name="validation_data.repositories.django_django.tests.admin_views.test_related_object_lookups" time="0.000"><error message="collection failure">ImportError while importing test module '/home/dee/workspace/AI/Repo-Scanner/validation_data/repositories/django_django/tests/admin_views/test_related_object_lookups.py'.
Hint: make sure your test modules/packages have valid Python names.
Traceback:
../../../.pyenv/versions/3.11.9/lib/python3.11/importlib/__init__.py:126: in import_module
    return _bootstrap._gcd_import(name[level:], package, level)
           ^^^^^^^^^^^^^^^^^^^^^^^^^^^^^^^^^^^^^^^^^^^^^^^^^^^^
validation_data/repositories/django_django/tests/admin_views/test_related_object_lookups.py:1: in &lt;module&gt;
    from django.contrib.admin.tests import AdminSeleniumTestCase
E   ModuleNotFoundError: No module named 'django'</error></testcase><testcase classname="" name="validation_data.repositories.django_django.tests.admin_views.test_skip_link_to_content" time="0.000"><error message="collection failure">ImportError while importing test module '/home/dee/workspace/AI/Repo-Scanner/validation_data/repositories/django_django/tests/admin_views/test_skip_link_to_content.py'.
Hint: make sure your test modules/packages have valid Python names.
Traceback:
../../../.pyenv/versions/3.11.9/lib/python3.11/importlib/__init__.py:126: in import_module
    return _bootstrap._gcd_import(name[level:], package, level)
           ^^^^^^^^^^^^^^^^^^^^^^^^^^^^^^^^^^^^^^^^^^^^^^^^^^^^
validation_data/repositories/django_django/tests/admin_views/test_skip_link_to_content.py:1: in &lt;module&gt;
    from django.contrib.admin.tests import AdminSeleniumTestCase
E   ModuleNotFoundError: No module named 'django'</error></testcase><testcase classname="" name="validation_data.repositories.django_django.tests.admin_views.test_templatetags" time="0.000"><error message="collection failure">ImportError while importing test module '/home/dee/workspace/AI/Repo-Scanner/validation_data/repositories/django_django/tests/admin_views/test_templatetags.py'.
Hint: make sure your test modules/packages have valid Python names.
Traceback:
../../../.pyenv/versions/3.11.9/lib/python3.11/importlib/__init__.py:126: in import_module
    return _bootstrap._gcd_import(name[level:], package, level)
           ^^^^^^^^^^^^^^^^^^^^^^^^^^^^^^^^^^^^^^^^^^^^^^^^^^^^
validation_data/repositories/django_django/tests/admin_views/test_templatetags.py:4: in &lt;module&gt;
    from django.contrib.admin import ModelAdmin
E   ModuleNotFoundError: No module named 'django'</error></testcase><testcase classname="" name="validation_data.repositories.django_django.tests.admin_widgets.test_autocomplete_widget" time="0.000"><error message="collection failure">ImportError while importing test module '/home/dee/workspace/AI/Repo-Scanner/validation_data/repositories/django_django/tests/admin_widgets/test_autocomplete_widget.py'.
Hint: make sure your test modules/packages have valid Python names.
Traceback:
../../../.pyenv/versions/3.11.9/lib/python3.11/importlib/__init__.py:126: in import_module
    return _bootstrap._gcd_import(name[level:], package, level)
           ^^^^^^^^^^^^^^^^^^^^^^^^^^^^^^^^^^^^^^^^^^^^^^^^^^^^
validation_data/repositories/django_django/tests/admin_widgets/test_autocomplete_widget.py:1: in &lt;module&gt;
    from django import forms
E   ModuleNotFoundError: No module named 'django'</error></testcase><testcase classname="" name="validation_data.repositories.django_django.tests.aggregation.test_filter_argument" time="0.000"><error message="collection failure">ImportError while importing test module '/home/dee/workspace/AI/Repo-Scanner/validation_data/repositories/django_django/tests/aggregation/test_filter_argument.py'.
Hint: make sure your test modules/packages have valid Python names.
Traceback:
../../../.pyenv/versions/3.11.9/lib/python3.11/importlib/__init__.py:126: in import_module
    return _bootstrap._gcd_import(name[level:], package, level)
           ^^^^^^^^^^^^^^^^^^^^^^^^^^^^^^^^^^^^^^^^^^^^^^^^^^^^
validation_data/repositories/django_django/tests/aggregation/test_filter_argument.py:4: in &lt;module&gt;
    from django.db.models import (
E   ModuleNotFoundError: No module named 'django'</error></testcase><testcase classname="" name="validation_data.repositories.django_django.tests.async.test_async_auth" time="0.000"><error message="collection failure">ImportError while importing test module '/home/dee/workspace/AI/Repo-Scanner/validation_data/repositories/django_django/tests/async/test_async_auth.py'.
Hint: make sure your test modules/packages have valid Python names.
Traceback:
../../../.pyenv/versions/3.11.9/lib/python3.11/importlib/__init__.py:126: in import_module
    return _bootstrap._gcd_import(name[level:], package, level)
           ^^^^^^^^^^^^^^^^^^^^^^^^^^^^^^^^^^^^^^^^^^^^^^^^^^^^
validation_data/repositories/django_django/tests/async/test_async_auth.py:1: in &lt;module&gt;
    from django.contrib.auth import (
E   ModuleNotFoundError: No module named 'django'</error></testcase><testcase classname="" name="validation_data.repositories.django_django.tests.async.test_async_model_methods" time="0.000"><error message="collection failure">ImportError while importing test module '/home/dee/workspace/AI/Repo-Scanner/validation_data/repositories/django_django/tests/async/test_async_model_methods.py'.
Hint: make sure your test modules/packages have valid Python names.
Traceback:
../../../.pyenv/versions/3.11.9/lib/python3.11/importlib/__init__.py:126: in import_module
    return _bootstrap._gcd_import(name[level:], package, level)
           ^^^^^^^^^^^^^^^^^^^^^^^^^^^^^^^^^^^^^^^^^^^^^^^^^^^^
validation_data/repositories/django_django/tests/async/test_async_model_methods.py:1: in &lt;module&gt;
    from django.test import TestCase
E   ModuleNotFoundError: No module named 'django'</error></testcase><testcase classname="" name="validation_data.repositories.django_django.tests.async.test_async_queryset" time="0.000"><error message="collection failure">ImportError while importing test module '/home/dee/workspace/AI/Repo-Scanner/validation_data/repositories/django_django/tests/async/test_async_queryset.py'.
Hint: make sure your test modules/packages have valid Python names.
Traceback:
../../../.pyenv/versions/3.11.9/lib/python3.11/importlib/__init__.py:126: in import_module
    return _bootstrap._gcd_import(name[level:], package, level)
           ^^^^^^^^^^^^^^^^^^^^^^^^^^^^^^^^^^^^^^^^^^^^^^^^^^^^
validation_data/repositories/django_django/tests/async/test_async_queryset.py:7: in &lt;module&gt;
    from django.db import NotSupportedError, connection
E   ModuleNotFoundError: No module named 'django'</error></testcase><testcase classname="" name="validation_data.repositories.django_django.tests.async.test_async_related_managers" time="0.000"><error message="collection failure">ImportError while importing test module '/home/dee/workspace/AI/Repo-Scanner/validation_data/repositories/django_django/tests/async/test_async_related_managers.py'.
Hint: make sure your test modules/packages have valid Python names.
Traceback:
../../../.pyenv/versions/3.11.9/lib/python3.11/importlib/__init__.py:126: in import_module
    return _bootstrap._gcd_import(name[level:], package, level)
           ^^^^^^^^^^^^^^^^^^^^^^^^^^^^^^^^^^^^^^^^^^^^^^^^^^^^
validation_data/repositories/django_django/tests/async/test_async_related_managers.py:1: in &lt;module&gt;
    from django.test import TestCase
E   ModuleNotFoundError: No module named 'django'</error></testcase><testcase classname="" name="validation_data.repositories.django_django.tests.async.test_async_shortcuts" time="0.000"><error message="collection failure">ImportError while importing test module '/home/dee/workspace/AI/Repo-Scanner/validation_data/repositories/django_django/tests/async/test_async_shortcuts.py'.
Hint: make sure your test modules/packages have valid Python names.
Traceback:
../../../.pyenv/versions/3.11.9/lib/python3.11/importlib/__init__.py:126: in import_module
    return _bootstrap._gcd_import(name[level:], package, level)
           ^^^^^^^^^^^^^^^^^^^^^^^^^^^^^^^^^^^^^^^^^^^^^^^^^^^^
validation_data/repositories/django_django/tests/async/test_async_shortcuts.py:1: in &lt;module&gt;
    from django.db.models import Q
E   ModuleNotFoundError: No module named 'django'</error></testcase><testcase classname="" name="validation_data.repositories.django_django.tests.auth_tests.test_admin_multidb" time="0.000"><error message="collection failure">ImportError while importing test module '/home/dee/workspace/AI/Repo-Scanner/validation_data/repositories/django_django/tests/auth_tests/test_admin_multidb.py'.
Hint: make sure your test modules/packages have valid Python names.
Traceback:
../../../.pyenv/versions/3.11.9/lib/python3.11/importlib/__init__.py:126: in import_module
    return _bootstrap._gcd_import(name[level:], package, level)
           ^^^^^^^^^^^^^^^^^^^^^^^^^^^^^^^^^^^^^^^^^^^^^^^^^^^^
validation_data/repositories/django_django/tests/auth_tests/test_admin_multidb.py:3: in &lt;module&gt;
    from django.contrib import admin
E   ModuleNotFoundError: No module named 'django'</error></testcase><testcase classname="" name="validation_data.repositories.django_django.tests.auth_tests.test_auth_backends" time="0.000"><error message="collection failure">ImportError while importing test module '/home/dee/workspace/AI/Repo-Scanner/validation_data/repositories/django_django/tests/auth_tests/test_auth_backends.py'.
Hint: make sure your test modules/packages have valid Python names.
Traceback:
../../../.pyenv/versions/3.11.9/lib/python3.11/importlib/__init__.py:126: in import_module
    return _bootstrap._gcd_import(name[level:], package, level)
           ^^^^^^^^^^^^^^^^^^^^^^^^^^^^^^^^^^^^^^^^^^^^^^^^^^^^
validation_data/repositories/django_django/tests/auth_tests/test_auth_backends.py:8: in &lt;module&gt;
    from django.contrib.auth import (
E   ModuleNotFoundError: No module named 'django'</error></testcase><testcase classname="" name="validation_data.repositories.django_django.tests.auth_tests.test_basic" time="0.000"><error message="collection failure">ImportError while importing test module '/home/dee/workspace/AI/Repo-Scanner/validation_data/repositories/django_django/tests/auth_tests/test_basic.py'.
Hint: make sure your test modules/packages have valid Python names.
Traceback:
../../../.pyenv/versions/3.11.9/lib/python3.11/importlib/__init__.py:126: in import_module
    return _bootstrap._gcd_import(name[level:], package, level)
           ^^^^^^^^^^^^^^^^^^^^^^^^^^^^^^^^^^^^^^^^^^^^^^^^^^^^
validation_data/repositories/django_django/tests/auth_tests/test_basic.py:1: in &lt;module&gt;
    from django.conf import settings
E   ModuleNotFoundError: No module named 'django'</error></testcase><testcase classname="" name="validation_data.repositories.django_django.tests.auth_tests.test_checks" time="0.000"><error message="collection failure">ImportError while importing test module '/home/dee/workspace/AI/Repo-Scanner/validation_data/repositories/django_django/tests/auth_tests/test_checks.py'.
Hint: make sure your test modules/packages have valid Python names.
Traceback:
../../../.pyenv/versions/3.11.9/lib/python3.11/importlib/__init__.py:126: in import_module
    return _bootstrap._gcd_import(name[level:], package, level)
           ^^^^^^^^^^^^^^^^^^^^^^^^^^^^^^^^^^^^^^^^^^^^^^^^^^^^
validation_data/repositories/django_django/tests/auth_tests/test_checks.py:1: in &lt;module&gt;
    from django.contrib.auth.checks import (
E   ModuleNotFoundError: No module named 'django'</error></testcase><testcase classname="" name="validation_data.repositories.django_django.tests.auth_tests.test_context_processors" time="0.000"><error message="collection failure">ImportError while importing test module '/home/dee/workspace/AI/Repo-Scanner/validation_data/repositories/django_django/tests/auth_tests/test_context_processors.py'.
Hint: make sure your test modules/packages have valid Python names.
Traceback:
../../../.pyenv/versions/3.11.9/lib/python3.11/importlib/__init__.py:126: in import_module
    return _bootstrap._gcd_import(name[level:], package, level)
           ^^^^^^^^^^^^^^^^^^^^^^^^^^^^^^^^^^^^^^^^^^^^^^^^^^^^
validation_data/repositories/django_django/tests/auth_tests/test_context_processors.py:1: in &lt;module&gt;
    from django.contrib.auth import authenticate
E   ModuleNotFoundError: No module named 'django'</error></testcase><testcase classname="" name="validation_data.repositories.django_django.tests.auth_tests.test_decorators" time="0.000"><error message="collection failure">ImportError while importing test module '/home/dee/workspace/AI/Repo-Scanner/validation_data/repositories/django_django/tests/auth_tests/test_decorators.py'.
Hint: make sure your test modules/packages have valid Python names.
Traceback:
../../../.pyenv/versions/3.11.9/lib/python3.11/importlib/__init__.py:126: in import_module
    return _bootstrap._gcd_import(name[level:], package, level)
           ^^^^^^^^^^^^^^^^^^^^^^^^^^^^^^^^^^^^^^^^^^^^^^^^^^^^
validation_data/repositories/django_django/tests/auth_tests/test_decorators.py:3: in &lt;module&gt;
    from django.conf import settings
E   ModuleNotFoundError: No module named 'django'</error></testcase><testcase classname="" name="validation_data.repositories.django_django.tests.auth_tests.test_forms" time="0.000"><error message="collection failure">ImportError while importing test module '/home/dee/workspace/AI/Repo-Scanner/validation_data/repositories/django_django/tests/auth_tests/test_forms.py'.
Hint: make sure your test modules/packages have valid Python names.
Traceback:
../../../.pyenv/versions/3.11.9/lib/python3.11/importlib/__init__.py:126: in import_module
    return _bootstrap._gcd_import(name[level:], package, level)
           ^^^^^^^^^^^^^^^^^^^^^^^^^^^^^^^^^^^^^^^^^^^^^^^^^^^^
validation_data/repositories/django_django/tests/auth_tests/test_forms.py:7: in &lt;module&gt;
    from django import forms
E   ModuleNotFoundError: No module named 'django'</error></testcase><testcase classname="" name="validation_data.repositories.django_django.tests.auth_tests.test_handlers" time="0.000"><error message="collection failure">ImportError while importing test module '/home/dee/workspace/AI/Repo-Scanner/validation_data/repositories/django_django/tests/auth_tests/test_handlers.py'.
Hint: make sure your test modules/packages have valid Python names.
Traceback:
../../../.pyenv/versions/3.11.9/lib/python3.11/importlib/__init__.py:126: in import_module
    return _bootstrap._gcd_import(name[level:], package, level)
           ^^^^^^^^^^^^^^^^^^^^^^^^^^^^^^^^^^^^^^^^^^^^^^^^^^^^
validation_data/repositories/django_django/tests/auth_tests/test_handlers.py:1: in &lt;module&gt;
    from django.contrib.auth.handlers.modwsgi import check_password, groups_for_user
E   ModuleNotFoundError: No module named 'django'</error></testcase><testcase classname="" name="validation_data.repositories.django_django.tests.auth_tests.test_hashers" time="0.000"><error message="collection failure">ImportError while importing test module '/home/dee/workspace/AI/Repo-Scanner/validation_data/repositories/django_django/tests/auth_tests/test_hashers.py'.
Hint: make sure your test modules/packages have valid Python names.
Traceback:
../../../.pyenv/versions/3.11.9/lib/python3.11/importlib/__init__.py:126: in import_module
    return _bootstrap._gcd_import(name[level:], package, level)
           ^^^^^^^^^^^^^^^^^^^^^^^^^^^^^^^^^^^^^^^^^^^^^^^^^^^^
validation_data/repositories/django_django/tests/auth_tests/test_hashers.py:4: in &lt;module&gt;
    from django.conf.global_settings import PASSWORD_HASHERS
E   ModuleNotFoundError: No module named 'django'</error></testcase><testcase classname="" name="validation_data.repositories.django_django.tests.auth_tests.test_login" time="0.000"><error message="collection failure">ImportError while importing test module '/home/dee/workspace/AI/Repo-Scanner/validation_data/repositories/django_django/tests/auth_tests/test_login.py'.
Hint: make sure your test modules/packages have valid Python names.
Traceback:
../../../.pyenv/versions/3.11.9/lib/python3.11/importlib/__init__.py:126: in import_module
    return _bootstrap._gcd_import(name[level:], package, level)
           ^^^^^^^^^^^^^^^^^^^^^^^^^^^^^^^^^^^^^^^^^^^^^^^^^^^^
validation_data/repositories/django_django/tests/auth_tests/test_login.py:1: in &lt;module&gt;
    from django.contrib import auth
E   ModuleNotFoundError: No module named 'django'</error></testcase><testcase classname="" name="validation_data.repositories.django_django.tests.auth_tests.test_management" time="0.000"><error message="collection failure">ImportError while importing test module '/home/dee/workspace/AI/Repo-Scanner/validation_data/repositories/django_django/tests/auth_tests/test_management.py'.
Hint: make sure your test modules/packages have valid Python names.
Traceback:
../../../.pyenv/versions/3.11.9/lib/python3.11/importlib/__init__.py:126: in import_module
    return _bootstrap._gcd_import(name[level:], package, level)
           ^^^^^^^^^^^^^^^^^^^^^^^^^^^^^^^^^^^^^^^^^^^^^^^^^^^^
validation_data/repositories/django_django/tests/auth_tests/test_management.py:9: in &lt;module&gt;
    from django.apps import apps
E   ModuleNotFoundError: No module named 'django'</error></testcase><testcase classname="" name="validation_data.repositories.django_django.tests.auth_tests.test_middleware" time="0.000"><error message="collection failure">ImportError while importing test module '/home/dee/workspace/AI/Repo-Scanner/validation_data/repositories/django_django/tests/auth_tests/test_middleware.py'.
Hint: make sure your test modules/packages have valid Python names.
Traceback:
../../../.pyenv/versions/3.11.9/lib/python3.11/importlib/__init__.py:126: in import_module
    return _bootstrap._gcd_import(name[level:], package, level)
           ^^^^^^^^^^^^^^^^^^^^^^^^^^^^^^^^^^^^^^^^^^^^^^^^^^^^
validation_data/repositories/django_django/tests/auth_tests/test_middleware.py:1: in &lt;module&gt;
    from django.conf import settings
E   ModuleNotFoundError: No module named 'django'</error></testcase><testcase classname="" name="validation_data.repositories.django_django.tests.auth_tests.test_migrations" time="0.000"><error message="collection failure">ImportError while importing test module '/home/dee/workspace/AI/Repo-Scanner/validation_data/repositories/django_django/tests/auth_tests/test_migrations.py'.
Hint: make sure your test modules/packages have valid Python names.
Traceback:
../../../.pyenv/versions/3.11.9/lib/python3.11/importlib/__init__.py:126: in import_module
    return _bootstrap._gcd_import(name[level:], package, level)
           ^^^^^^^^^^^^^^^^^^^^^^^^^^^^^^^^^^^^^^^^^^^^^^^^^^^^
validation_data/repositories/django_django/tests/auth_tests/test_migrations.py:3: in &lt;module&gt;
    from django.apps import apps
E   ModuleNotFoundError: No module named 'django'</error></testcase><testcase classname="" name="validation_data.repositories.django_django.tests.auth_tests.test_mixins" time="0.000"><error message="collection failure">ImportError while importing test module '/home/dee/workspace/AI/Repo-Scanner/validation_data/repositories/django_django/tests/auth_tests/test_mixins.py'.
Hint: make sure your test modules/packages have valid Python names.
Traceback:
../../../.pyenv/versions/3.11.9/lib/python3.11/importlib/__init__.py:126: in import_module
    return _bootstrap._gcd_import(name[level:], package, level)
           ^^^^^^^^^^^^^^^^^^^^^^^^^^^^^^^^^^^^^^^^^^^^^^^^^^^^
validation_data/repositories/django_django/tests/auth_tests/test_mixins.py:3: in &lt;module&gt;
    from django.contrib.auth import models
E   ModuleNotFoundError: No module named 'django'</error></testcase><testcase classname="" name="validation_data.repositories.django_django.tests.auth_tests.test_models" time="0.000"><error message="collection failure">ImportError while importing test module '/home/dee/workspace/AI/Repo-Scanner/validation_data/repositories/django_django/tests/auth_tests/test_models.py'.
Hint: make sure your test modules/packages have valid Python names.
Traceback:
../../../.pyenv/versions/3.11.9/lib/python3.11/importlib/__init__.py:126: in import_module
    return _bootstrap._gcd_import(name[level:], package, level)
           ^^^^^^^^^^^^^^^^^^^^^^^^^^^^^^^^^^^^^^^^^^^^^^^^^^^^
validation_data/repositories/django_django/tests/auth_tests/test_models.py:3: in &lt;module&gt;
    from django.conf.global_settings import PASSWORD_HASHERS
E   ModuleNotFoundError: No module named 'django'</error></testcase><testcase classname="" name="validation_data.repositories.django_django.tests.auth_tests.test_remote_user" time="0.000"><error message="collection failure">ImportError while importing test module '/home/dee/workspace/AI/Repo-Scanner/validation_data/repositories/django_django/tests/auth_tests/test_remote_user.py'.
Hint: make sure your test modules/packages have valid Python names.
Traceback:
../../../.pyenv/versions/3.11.9/lib/python3.11/importlib/__init__.py:126: in import_module
    return _bootstrap._gcd_import(name[level:], package, level)
           ^^^^^^^^^^^^^^^^^^^^^^^^^^^^^^^^^^^^^^^^^^^^^^^^^^^^
validation_data/repositories/django_django/tests/auth_tests/test_remote_user.py:3: in &lt;module&gt;
    from django.conf import settings
E   ModuleNotFoundError: No module named 'django'</error></testcase><testcase classname="" name="validation_data.repositories.django_django.tests.auth_tests.test_signals" time="0.000"><error message="collection failure">ImportError while importing test module '/home/dee/workspace/AI/Repo-Scanner/validation_data/repositories/django_django/tests/auth_tests/test_signals.py'.
Hint: make sure your test modules/packages have valid Python names.
Traceback:
../../../.pyenv/versions/3.11.9/lib/python3.11/importlib/__init__.py:126: in import_module
    return _bootstrap._gcd_import(name[level:], package, level)
           ^^^^^^^^^^^^^^^^^^^^^^^^^^^^^^^^^^^^^^^^^^^^^^^^^^^^
validation_data/repositories/django_django/tests/auth_tests/test_signals.py:1: in &lt;module&gt;
    from django.apps import apps
E   ModuleNotFoundError: No module named 'django'</error></testcase><testcase classname="" name="validation_data.repositories.django_django.tests.auth_tests.test_templates" time="0.000"><error message="collection failure">ImportError while importing test module '/home/dee/workspace/AI/Repo-Scanner/validation_data/repositories/django_django/tests/auth_tests/test_templates.py'.
Hint: make sure your test modules/packages have valid Python names.
Traceback:
../../../.pyenv/versions/3.11.9/lib/python3.11/importlib/__init__.py:126: in import_module
    return _bootstrap._gcd_import(name[level:], package, level)
           ^^^^^^^^^^^^^^^^^^^^^^^^^^^^^^^^^^^^^^^^^^^^^^^^^^^^
validation_data/repositories/django_django/tests/auth_tests/test_templates.py:3: in &lt;module&gt;
    from django.contrib.auth import authenticate
E   ModuleNotFoundError: No module named 'django'</error></testcase><testcase classname="" name="validation_data.repositories.django_django.tests.auth_tests.test_templatetags" time="0.000"><error message="collection failure">ImportError while importing test module '/home/dee/workspace/AI/Repo-Scanner/validation_data/repositories/django_django/tests/auth_tests/test_templatetags.py'.
Hint: make sure your test modules/packages have valid Python names.
Traceback:
../../../.pyenv/versions/3.11.9/lib/python3.11/importlib/__init__.py:126: in import_module
    return _bootstrap._gcd_import(name[level:], package, level)
           ^^^^^^^^^^^^^^^^^^^^^^^^^^^^^^^^^^^^^^^^^^^^^^^^^^^^
validation_data/repositories/django_django/tests/auth_tests/test_templatetags.py:1: in &lt;module&gt;
    from django.contrib.auth.hashers import make_password
E   ModuleNotFoundError: No module named 'django'</error></testcase><testcase classname="" name="validation_data.repositories.django_django.tests.auth_tests.test_tokens" time="0.000"><error message="collection failure">ImportError while importing test module '/home/dee/workspace/AI/Repo-Scanner/validation_data/repositories/django_django/tests/auth_tests/test_tokens.py'.
Hint: make sure your test modules/packages have valid Python names.
Traceback:
../../../.pyenv/versions/3.11.9/lib/python3.11/importlib/__init__.py:126: in import_module
    return _bootstrap._gcd_import(name[level:], package, level)
           ^^^^^^^^^^^^^^^^^^^^^^^^^^^^^^^^^^^^^^^^^^^^^^^^^^^^
validation_data/repositories/django_django/tests/auth_tests/test_tokens.py:3: in &lt;module&gt;
    from django.conf import settings
E   ModuleNotFoundError: No module named 'django'</error></testcase><testcase classname="" name="validation_data.repositories.django_django.tests.auth_tests.test_validators" time="0.000"><error message="collection failure">ImportError while importing test module '/home/dee/workspace/AI/Repo-Scanner/validation_data/repositories/django_django/tests/auth_tests/test_validators.py'.
Hint: make sure your test modules/packages have valid Python names.
Traceback:
../../../.pyenv/versions/3.11.9/lib/python3.11/importlib/__init__.py:126: in import_module
    return _bootstrap._gcd_import(name[level:], package, level)
           ^^^^^^^^^^^^^^^^^^^^^^^^^^^^^^^^^^^^^^^^^^^^^^^^^^^^
validation_data/repositories/django_django/tests/auth_tests/test_validators.py:4: in &lt;module&gt;
    from django.contrib.auth import validators
E   ModuleNotFoundError: No module named 'django'</error></testcase><testcase classname="" name="validation_data.repositories.django_django.tests.auth_tests.test_views" time="0.000"><error message="collection failure">ImportError while importing test module '/home/dee/workspace/AI/Repo-Scanner/validation_data/repositories/django_django/tests/auth_tests/test_views.py'.
Hint: make sure your test modules/packages have valid Python names.
Traceback:
../../../.pyenv/versions/3.11.9/lib/python3.11/importlib/__init__.py:126: in import_module
    return _bootstrap._gcd_import(name[level:], package, level)
           ^^^^^^^^^^^^^^^^^^^^^^^^^^^^^^^^^^^^^^^^^^^^^^^^^^^^
validation_data/repositories/django_django/tests/auth_tests/test_views.py:8: in &lt;module&gt;
    from django.apps import apps
E   ModuleNotFoundError: No module named 'django'</error></testcase><testcase classname="" name="validation_data.repositories.django_django.tests.backends.base.test_base" time="0.000"><error message="collection failure">ImportError while importing test module '/home/dee/workspace/AI/Repo-Scanner/validation_data/repositories/django_django/tests/backends/base/test_base.py'.
Hint: make sure your test modules/packages have valid Python names.
Traceback:
../../../.pyenv/versions/3.11.9/lib/python3.11/importlib/__init__.py:126: in import_module
    return _bootstrap._gcd_import(name[level:], package, level)
           ^^^^^^^^^^^^^^^^^^^^^^^^^^^^^^^^^^^^^^^^^^^^^^^^^^^^
validation_data/repositories/django_django/tests/backends/base/test_base.py:4: in &lt;module&gt;
    from django.db import DEFAULT_DB_ALIAS, connection, connections, transaction
E   ModuleNotFoundError: No module named 'django'</error></testcase><testcase classname="" name="validation_data.repositories.django_django.tests.backends.base.test_client" time="0.000"><error message="collection failure">ImportError while importing test module '/home/dee/workspace/AI/Repo-Scanner/validation_data/repositories/django_django/tests/backends/base/test_client.py'.
Hint: make sure your test modules/packages have valid Python names.
Traceback:
../../../.pyenv/versions/3.11.9/lib/python3.11/importlib/__init__.py:126: in import_module
    return _bootstrap._gcd_import(name[level:], package, level)
           ^^^^^^^^^^^^^^^^^^^^^^^^^^^^^^^^^^^^^^^^^^^^^^^^^^^^
validation_data/repositories/django_django/tests/backends/base/test_client.py:3: in &lt;module&gt;
    from django.db import connection
E   ModuleNotFoundError: No module named 'django'</error></testcase><testcase classname="" name="validation_data.repositories.django_django.tests.backends.base.test_creation" time="0.000"><error message="collection failure">ImportError while importing test module '/home/dee/workspace/AI/Repo-Scanner/validation_data/repositories/django_django/tests/backends/base/test_creation.py'.
Hint: make sure your test modules/packages have valid Python names.
Traceback:
../../../.pyenv/versions/3.11.9/lib/python3.11/importlib/__init__.py:126: in import_module
    return _bootstrap._gcd_import(name[level:], package, level)
           ^^^^^^^^^^^^^^^^^^^^^^^^^^^^^^^^^^^^^^^^^^^^^^^^^^^^
validation_data/repositories/django_django/tests/backends/base/test_creation.py:6: in &lt;module&gt;
    from django.db import DEFAULT_DB_ALIAS, connection, connections
E   ModuleNotFoundError: No module named 'django'</error></testcase><testcase classname="" name="validation_data.repositories.django_django.tests.backends.base.test_features" time="0.000"><error message="collection failure">ImportError while importing test module '/home/dee/workspace/AI/Repo-Scanner/validation_data/repositories/django_django/tests/backends/base/test_features.py'.
Hint: make sure your test modules/packages have valid Python names.
Traceback:
../../../.pyenv/versions/3.11.9/lib/python3.11/importlib/__init__.py:126: in import_module
    return _bootstrap._gcd_import(name[level:], package, level)
           ^^^^^^^^^^^^^^^^^^^^^^^^^^^^^^^^^^^^^^^^^^^^^^^^^^^^
validation_data/repositories/django_django/tests/backends/base/test_features.py:1: in &lt;module&gt;
    from django.db import connection
E   ModuleNotFoundError: No module named 'django'</error></testcase><testcase classname="" name="validation_data.repositories.django_django.tests.backends.base.test_introspection" time="0.000"><error message="collection failure">ImportError while importing test module '/home/dee/workspace/AI/Repo-Scanner/validation_data/repositories/django_django/tests/backends/base/test_introspection.py'.
Hint: make sure your test modules/packages have valid Python names.
Traceback:
../../../.pyenv/versions/3.11.9/lib/python3.11/importlib/__init__.py:126: in import_module
    return _bootstrap._gcd_import(name[level:], package, level)
           ^^^^^^^^^^^^^^^^^^^^^^^^^^^^^^^^^^^^^^^^^^^^^^^^^^^^
validation_data/repositories/django_django/tests/backends/base/test_introspection.py:1: in &lt;module&gt;
    from django.db import connection
E   ModuleNotFoundError: No module named 'django'</error></testcase><testcase classname="" name="validation_data.repositories.django_django.tests.backends.base.test_operations" time="0.000"><error message="collection failure">ImportError while importing test module '/home/dee/workspace/AI/Repo-Scanner/validation_data/repositories/django_django/tests/backends/base/test_operations.py'.
Hint: make sure your test modules/packages have valid Python names.
Traceback:
../../../.pyenv/versions/3.11.9/lib/python3.11/importlib/__init__.py:126: in import_module
    return _bootstrap._gcd_import(name[level:], package, level)
           ^^^^^^^^^^^^^^^^^^^^^^^^^^^^^^^^^^^^^^^^^^^^^^^^^^^^
validation_data/repositories/django_django/tests/backends/base/test_operations.py:3: in &lt;module&gt;
    from django.core.management.color import no_style
E   ModuleNotFoundError: No module named 'django'</error></testcase><testcase classname="" name="validation_data.repositories.django_django.tests.backends.base.test_schema" time="0.000"><error message="collection failure">ImportError while importing test module '/home/dee/workspace/AI/Repo-Scanner/validation_data/repositories/django_django/tests/backends/base/test_schema.py'.
Hint: make sure your test modules/packages have valid Python names.
Traceback:
../../../.pyenv/versions/3.11.9/lib/python3.11/importlib/__init__.py:126: in import_module
    return _bootstrap._gcd_import(name[level:], package, level)
           ^^^^^^^^^^^^^^^^^^^^^^^^^^^^^^^^^^^^^^^^^^^^^^^^^^^^
validation_data/repositories/django_django/tests/backends/base/test_schema.py:1: in &lt;module&gt;
    from django.db import models
E   ModuleNotFoundError: No module named 'django'</error></testcase><testcase classname="" name="validation_data.repositories.django_django.tests.backends.mysql.test_creation" time="0.000"><error message="collection failure">ImportError while importing test module '/home/dee/workspace/AI/Repo-Scanner/validation_data/repositories/django_django/tests/backends/mysql/test_creation.py'.
Hint: make sure your test modules/packages have valid Python names.
Traceback:
../../../.pyenv/versions/3.11.9/lib/python3.11/importlib/__init__.py:126: in import_module
    return _bootstrap._gcd_import(name[level:], package, level)
           ^^^^^^^^^^^^^^^^^^^^^^^^^^^^^^^^^^^^^^^^^^^^^^^^^^^^
validation_data/repositories/django_django/tests/backends/mysql/test_creation.py:6: in &lt;module&gt;
    from django.db import DatabaseError, connection
E   ModuleNotFoundError: No module named 'django'</error></testcase><testcase classname="" name="validation_data.repositories.django_django.tests.backends.mysql.test_features" time="0.000"><error message="collection failure">ImportError while importing test module '/home/dee/workspace/AI/Repo-Scanner/validation_data/repositories/django_django/tests/backends/mysql/test_features.py'.
Hint: make sure your test modules/packages have valid Python names.
Traceback:
../../../.pyenv/versions/3.11.9/lib/python3.11/importlib/__init__.py:126: in import_module
    return _bootstrap._gcd_import(name[level:], package, level)
           ^^^^^^^^^^^^^^^^^^^^^^^^^^^^^^^^^^^^^^^^^^^^^^^^^^^^
validation_data/repositories/django_django/tests/backends/mysql/test_features.py:3: in &lt;module&gt;
    from django.db import connection
E   ModuleNotFoundError: No module named 'django'</error></testcase><testcase classname="" name="validation_data.repositories.django_django.tests.backends.mysql.test_introspection" time="0.000"><error message="collection failure">ImportError while importing test module '/home/dee/workspace/AI/Repo-Scanner/validation_data/repositories/django_django/tests/backends/mysql/test_introspection.py'.
Hint: make sure your test modules/packages have valid Python names.
Traceback:
../../../.pyenv/versions/3.11.9/lib/python3.11/importlib/__init__.py:126: in import_module
    return _bootstrap._gcd_import(name[level:], package, level)
           ^^^^^^^^^^^^^^^^^^^^^^^^^^^^^^^^^^^^^^^^^^^^^^^^^^^^
validation_data/repositories/django_django/tests/backends/mysql/test_introspection.py:3: in &lt;module&gt;
    from django.db import connection, connections
E   ModuleNotFoundError: No module named 'django'</error></testcase><testcase classname="" name="validation_data.repositories.django_django.tests.backends.mysql.test_operations" time="0.000"><error message="collection failure">ImportError while importing test module '/home/dee/workspace/AI/Repo-Scanner/validation_data/repositories/django_django/tests/backends/mysql/test_operations.py'.
Hint: make sure your test modules/packages have valid Python names.
Traceback:
../../../.pyenv/versions/3.11.9/lib/python3.11/importlib/__init__.py:126: in import_module
    return _bootstrap._gcd_import(name[level:], package, level)
           ^^^^^^^^^^^^^^^^^^^^^^^^^^^^^^^^^^^^^^^^^^^^^^^^^^^^
validation_data/repositories/django_django/tests/backends/mysql/test_operations.py:3: in &lt;module&gt;
    from django.core.management.color import no_style
E   ModuleNotFoundError: No module named 'django'</error></testcase><testcase classname="" name="validation_data.repositories.django_django.tests.backends.mysql.test_schema" time="0.000"><error message="collection failure">ImportError while importing test module '/home/dee/workspace/AI/Repo-Scanner/validation_data/repositories/django_django/tests/backends/mysql/test_schema.py'.
Hint: make sure your test modules/packages have valid Python names.
Traceback:
../../../.pyenv/versions/3.11.9/lib/python3.11/importlib/__init__.py:126: in import_module
    return _bootstrap._gcd_import(name[level:], package, level)
           ^^^^^^^^^^^^^^^^^^^^^^^^^^^^^^^^^^^^^^^^^^^^^^^^^^^^
validation_data/repositories/django_django/tests/backends/mysql/test_schema.py:3: in &lt;module&gt;
    from django.db import connection
E   ModuleNotFoundError: No module named 'django'</error></testcase><testcase classname="" name="validation_data.repositories.django_django.tests.backends.oracle.test_creation" time="0.000"><error message="collection failure">ImportError while importing test module '/home/dee/workspace/AI/Repo-Scanner/validation_data/repositories/django_django/tests/backends/oracle/test_creation.py'.
Hint: make sure your test modules/packages have valid Python names.
Traceback:
../../../.pyenv/versions/3.11.9/lib/python3.11/importlib/__init__.py:126: in import_module
    return _bootstrap._gcd_import(name[level:], package, level)
           ^^^^^^^^^^^^^^^^^^^^^^^^^^^^^^^^^^^^^^^^^^^^^^^^^^^^
validation_data/repositories/django_django/tests/backends/oracle/test_creation.py:5: in &lt;module&gt;
    from django.db import DatabaseError, connection
E   ModuleNotFoundError: No module named 'django'</error></testcase><testcase classname="" name="validation_data.repositories.django_django.tests.backends.oracle.test_introspection" time="0.000"><error message="collection failure">ImportError while importing test module '/home/dee/workspace/AI/Repo-Scanner/validation_data/repositories/django_django/tests/backends/oracle/test_introspection.py'.
Hint: make sure your test modules/packages have valid Python names.
Traceback:
../../../.pyenv/versions/3.11.9/lib/python3.11/importlib/__init__.py:126: in import_module
    return _bootstrap._gcd_import(name[level:], package, level)
           ^^^^^^^^^^^^^^^^^^^^^^^^^^^^^^^^^^^^^^^^^^^^^^^^^^^^
validation_data/repositories/django_django/tests/backends/oracle/test_introspection.py:3: in &lt;module&gt;
    from django.db import connection
E   ModuleNotFoundError: No module named 'django'</error></testcase><testcase classname="" name="validation_data.repositories.django_django.tests.backends.oracle.test_operations" time="0.000"><error message="collection failure">ImportError while importing test module '/home/dee/workspace/AI/Repo-Scanner/validation_data/repositories/django_django/tests/backends/oracle/test_operations.py'.
Hint: make sure your test modules/packages have valid Python names.
Traceback:
../../../.pyenv/versions/3.11.9/lib/python3.11/importlib/__init__.py:126: in import_module
    return _bootstrap._gcd_import(name[level:], package, level)
           ^^^^^^^^^^^^^^^^^^^^^^^^^^^^^^^^^^^^^^^^^^^^^^^^^^^^
validation_data/repositories/django_django/tests/backends/oracle/test_operations.py:3: in &lt;module&gt;
    from django.core.management.color import no_style
E   ModuleNotFoundError: No module named 'django'</error></testcase><testcase classname="" name="validation_data.repositories.django_django.tests.backends.postgresql.test_compilation" time="0.000"><error message="collection failure">ImportError while importing test module '/home/dee/workspace/AI/Repo-Scanner/validation_data/repositories/django_django/tests/backends/postgresql/test_compilation.py'.
Hint: make sure your test modules/packages have valid Python names.
Traceback:
../../../.pyenv/versions/3.11.9/lib/python3.11/importlib/__init__.py:126: in import_module
    return _bootstrap._gcd_import(name[level:], package, level)
           ^^^^^^^^^^^^^^^^^^^^^^^^^^^^^^^^^^^^^^^^^^^^^^^^^^^^
validation_data/repositories/django_django/tests/backends/postgresql/test_compilation.py:4: in &lt;module&gt;
    from django.db import connection
E   ModuleNotFoundError: No module named 'django'</error></testcase><testcase classname="" name="validation_data.repositories.django_django.tests.backends.postgresql.test_creation" time="0.000"><error message="collection failure">ImportError while importing test module '/home/dee/workspace/AI/Repo-Scanner/validation_data/repositories/django_django/tests/backends/postgresql/test_creation.py'.
Hint: make sure your test modules/packages have valid Python names.
Traceback:
../../../.pyenv/versions/3.11.9/lib/python3.11/importlib/__init__.py:126: in import_module
    return _bootstrap._gcd_import(name[level:], package, level)
           ^^^^^^^^^^^^^^^^^^^^^^^^^^^^^^^^^^^^^^^^^^^^^^^^^^^^
validation_data/repositories/django_django/tests/backends/postgresql/test_creation.py:6: in &lt;module&gt;
    from django.core.exceptions import ImproperlyConfigured
E   ModuleNotFoundError: No module named 'django'</error></testcase><testcase classname="" name="validation_data.repositories.django_django.tests.backends.postgresql.test_introspection" time="0.000"><error message="collection failure">ImportError while importing test module '/home/dee/workspace/AI/Repo-Scanner/validation_data/repositories/django_django/tests/backends/postgresql/test_introspection.py'.
Hint: make sure your test modules/packages have valid Python names.
Traceback:
../../../.pyenv/versions/3.11.9/lib/python3.11/importlib/__init__.py:126: in import_module
    return _bootstrap._gcd_import(name[level:], package, level)
           ^^^^^^^^^^^^^^^^^^^^^^^^^^^^^^^^^^^^^^^^^^^^^^^^^^^^
validation_data/repositories/django_django/tests/backends/postgresql/test_introspection.py:3: in &lt;module&gt;
    from django.db import connection
E   ModuleNotFoundError: No module named 'django'</error></testcase><testcase classname="" name="validation_data.repositories.django_django.tests.backends.postgresql.test_operations" time="0.000"><error message="collection failure">ImportError while importing test module '/home/dee/workspace/AI/Repo-Scanner/validation_data/repositories/django_django/tests/backends/postgresql/test_operations.py'.
Hint: make sure your test modules/packages have valid Python names.
Traceback:
../../../.pyenv/versions/3.11.9/lib/python3.11/importlib/__init__.py:126: in import_module
    return _bootstrap._gcd_import(name[level:], package, level)
           ^^^^^^^^^^^^^^^^^^^^^^^^^^^^^^^^^^^^^^^^^^^^^^^^^^^^
validation_data/repositories/django_django/tests/backends/postgresql/test_operations.py:3: in &lt;module&gt;
    from django.core.management.color import no_style
E   ModuleNotFoundError: No module named 'django'</error></testcase><testcase classname="" name="validation_data.repositories.django_django.tests.backends.postgresql.test_server_side_cursors" time="0.000"><error message="collection failure">ImportError while importing test module '/home/dee/workspace/AI/Repo-Scanner/validation_data/repositories/django_django/tests/backends/postgresql/test_server_side_cursors.py'.
Hint: make sure your test modules/packages have valid Python names.
Traceback:
../../../.pyenv/versions/3.11.9/lib/python3.11/importlib/__init__.py:126: in import_module
    return _bootstrap._gcd_import(name[level:], package, level)
           ^^^^^^^^^^^^^^^^^^^^^^^^^^^^^^^^^^^^^^^^^^^^^^^^^^^^
validation_data/repositories/django_django/tests/backends/postgresql/test_server_side_cursors.py:6: in &lt;module&gt;
    from django.db import connection, models
E   ModuleNotFoundError: No module named 'django'</error></testcase><testcase classname="" name="validation_data.repositories.django_django.tests.backends.sqlite.test_creation" time="0.000"><error message="collection failure">ImportError while importing test module '/home/dee/workspace/AI/Repo-Scanner/validation_data/repositories/django_django/tests/backends/sqlite/test_creation.py'.
Hint: make sure your test modules/packages have valid Python names.
Traceback:
../../../.pyenv/versions/3.11.9/lib/python3.11/importlib/__init__.py:126: in import_module
    return _bootstrap._gcd_import(name[level:], package, level)
           ^^^^^^^^^^^^^^^^^^^^^^^^^^^^^^^^^^^^^^^^^^^^^^^^^^^^
validation_data/repositories/django_django/tests/backends/sqlite/test_creation.py:6: in &lt;module&gt;
    from django.db import DEFAULT_DB_ALIAS, NotSupportedError, connection, connections
E   ModuleNotFoundError: No module named 'django'</error></testcase><testcase classname="" name="validation_data.repositories.django_django.tests.backends.sqlite.test_features" time="0.000"><error message="collection failure">ImportError while importing test module '/home/dee/workspace/AI/Repo-Scanner/validation_data/repositories/django_django/tests/backends/sqlite/test_features.py'.
Hint: make sure your test modules/packages have valid Python names.
Traceback:
../../../.pyenv/versions/3.11.9/lib/python3.11/importlib/__init__.py:126: in import_module
    return _bootstrap._gcd_import(name[level:], package, level)
           ^^^^^^^^^^^^^^^^^^^^^^^^^^^^^^^^^^^^^^^^^^^^^^^^^^^^
validation_data/repositories/django_django/tests/backends/sqlite/test_features.py:5: in &lt;module&gt;
    from django.db import OperationalError, connection
E   ModuleNotFoundError: No module named 'django'</error></testcase><testcase classname="" name="validation_data.repositories.django_django.tests.backends.sqlite.test_functions" time="0.000"><error message="collection failure">ImportError while importing test module '/home/dee/workspace/AI/Repo-Scanner/validation_data/repositories/django_django/tests/backends/sqlite/test_functions.py'.
Hint: make sure your test modules/packages have valid Python names.
Traceback:
../../../.pyenv/versions/3.11.9/lib/python3.11/importlib/__init__.py:126: in import_module
    return _bootstrap._gcd_import(name[level:], package, level)
           ^^^^^^^^^^^^^^^^^^^^^^^^^^^^^^^^^^^^^^^^^^^^^^^^^^^^
validation_data/repositories/django_django/tests/backends/sqlite/test_functions.py:1: in &lt;module&gt;
    from django.db.backends.sqlite3._functions import (
E   ModuleNotFoundError: No module named 'django'</error></testcase><testcase classname="" name="validation_data.repositories.django_django.tests.backends.sqlite.test_introspection" time="0.000"><error message="collection failure">ImportError while importing test module '/home/dee/workspace/AI/Repo-Scanner/validation_data/repositories/django_django/tests/backends/sqlite/test_introspection.py'.
Hint: make sure your test modules/packages have valid Python names.
Traceback:
../../../.pyenv/versions/3.11.9/lib/python3.11/importlib/__init__.py:126: in import_module
    return _bootstrap._gcd_import(name[level:], package, level)
           ^^^^^^^^^^^^^^^^^^^^^^^^^^^^^^^^^^^^^^^^^^^^^^^^^^^^
validation_data/repositories/django_django/tests/backends/sqlite/test_introspection.py:3: in &lt;module&gt;
    import sqlparse
E   ModuleNotFoundError: No module named 'sqlparse'</error></testcase><testcase classname="" name="validation_data.repositories.django_django.tests.backends.sqlite.test_operations" time="0.000"><error message="collection failure">ImportError while importing test module '/home/dee/workspace/AI/Repo-Scanner/validation_data/repositories/django_django/tests/backends/sqlite/test_operations.py'.
Hint: make sure your test modules/packages have valid Python names.
Traceback:
../../../.pyenv/versions/3.11.9/lib/python3.11/importlib/__init__.py:126: in import_module
    return _bootstrap._gcd_import(name[level:], package, level)
           ^^^^^^^^^^^^^^^^^^^^^^^^^^^^^^^^^^^^^^^^^^^^^^^^^^^^
validation_data/repositories/django_django/tests/backends/sqlite/test_operations.py:4: in &lt;module&gt;
    from django.core.management.color import no_style
E   ModuleNotFoundError: No module named 'django'</error></testcase><testcase classname="" name="validation_data.repositories.django_django.tests.backends.test_ddl_references" time="0.000"><error message="collection failure">ImportError while importing test module '/home/dee/workspace/AI/Repo-Scanner/validation_data/repositories/django_django/tests/backends/test_ddl_references.py'.
Hint: make sure your test modules/packages have valid Python names.
Traceback:
../../../.pyenv/versions/3.11.9/lib/python3.11/importlib/__init__.py:126: in import_module
    return _bootstrap._gcd_import(name[level:], package, level)
           ^^^^^^^^^^^^^^^^^^^^^^^^^^^^^^^^^^^^^^^^^^^^^^^^^^^^
validation_data/repositories/django_django/tests/backends/test_ddl_references.py:1: in &lt;module&gt;
    from django.db import connection
E   ModuleNotFoundError: No module named 'django'</error></testcase><testcase classname="" name="validation_data.repositories.django_django.tests.backends.test_utils" time="0.000"><error message="collection failure">ImportError while importing test module '/home/dee/workspace/AI/Repo-Scanner/validation_data/repositories/django_django/tests/backends/test_utils.py'.
Hint: make sure your test modules/packages have valid Python names.
Traceback:
../../../.pyenv/versions/3.11.9/lib/python3.11/importlib/__init__.py:126: in import_module
    return _bootstrap._gcd_import(name[level:], package, level)
           ^^^^^^^^^^^^^^^^^^^^^^^^^^^^^^^^^^^^^^^^^^^^^^^^^^^^
validation_data/repositories/django_django/tests/backends/test_utils.py:5: in &lt;module&gt;
    from django.db import NotSupportedError, connection
E   ModuleNotFoundError: No module named 'django'</error></testcase><testcase classname="" name="validation_data.repositories.django_django.tests.bash_completion.management.commands.test_command" time="0.000"><error message="collection failure">ImportError while importing test module '/home/dee/workspace/AI/Repo-Scanner/validation_data/repositories/django_django/tests/bash_completion/management/commands/test_command.py'.
Hint: make sure your test modules/packages have valid Python names.
Traceback:
../../../.pyenv/versions/3.11.9/lib/python3.11/importlib/__init__.py:126: in import_module
    return _bootstrap._gcd_import(name[level:], package, level)
           ^^^^^^^^^^^^^^^^^^^^^^^^^^^^^^^^^^^^^^^^^^^^^^^^^^^^
validation_data/repositories/django_django/tests/bash_completion/management/commands/test_command.py:1: in &lt;module&gt;
    from django.core.management.base import BaseCommand
E   ModuleNotFoundError: No module named 'django'</error></testcase><testcase classname="" name="validation_data.repositories.django_django.tests.check_framework.test_4_0_compatibility" time="0.000"><error message="collection failure">ImportError while importing test module '/home/dee/workspace/AI/Repo-Scanner/validation_data/repositories/django_django/tests/check_framework/test_4_0_compatibility.py'.
Hint: make sure your test modules/packages have valid Python names.
Traceback:
../../../.pyenv/versions/3.11.9/lib/python3.11/importlib/__init__.py:126: in import_module
    return _bootstrap._gcd_import(name[level:], package, level)
           ^^^^^^^^^^^^^^^^^^^^^^^^^^^^^^^^^^^^^^^^^^^^^^^^^^^^
validation_data/repositories/django_django/tests/check_framework/test_4_0_compatibility.py:1: in &lt;module&gt;
    from django.core.checks import Error
E   ModuleNotFoundError: No module named 'django'</error></testcase><testcase classname="" name="validation_data.repositories.django_django.tests.check_framework.test_async_checks" time="0.000"><error message="collection failure">ImportError while importing test module '/home/dee/workspace/AI/Repo-Scanner/validation_data/repositories/django_django/tests/check_framework/test_async_checks.py'.
Hint: make sure your test modules/packages have valid Python names.
Traceback:
../../../.pyenv/versions/3.11.9/lib/python3.11/importlib/__init__.py:126: in import_module
    return _bootstrap._gcd_import(name[level:], package, level)
           ^^^^^^^^^^^^^^^^^^^^^^^^^^^^^^^^^^^^^^^^^^^^^^^^^^^^
validation_data/repositories/django_django/tests/check_framework/test_async_checks.py:4: in &lt;module&gt;
    from django.core.checks.async_checks import E001, check_async_unsafe
E   ModuleNotFoundError: No module named 'django'</error></testcase><testcase classname="" name="validation_data.repositories.django_django.tests.check_framework.test_caches" time="0.000"><error message="collection failure">ImportError while importing test module '/home/dee/workspace/AI/Repo-Scanner/validation_data/repositories/django_django/tests/check_framework/test_caches.py'.
Hint: make sure your test modules/packages have valid Python names.
Traceback:
../../../.pyenv/versions/3.11.9/lib/python3.11/importlib/__init__.py:126: in import_module
    return _bootstrap._gcd_import(name[level:], package, level)
           ^^^^^^^^^^^^^^^^^^^^^^^^^^^^^^^^^^^^^^^^^^^^^^^^^^^^
validation_data/repositories/django_django/tests/check_framework/test_caches.py:3: in &lt;module&gt;
    from django.core.checks import Warning
E   ModuleNotFoundError: No module named 'django'</error></testcase><testcase classname="" name="validation_data.repositories.django_django.tests.check_framework.test_commands" time="0.000"><error message="collection failure">ImportError while importing test module '/home/dee/workspace/AI/Repo-Scanner/validation_data/repositories/django_django/tests/check_framework/test_commands.py'.
Hint: make sure your test modules/packages have valid Python names.
Traceback:
../../../.pyenv/versions/3.11.9/lib/python3.11/importlib/__init__.py:126: in import_module
    return _bootstrap._gcd_import(name[level:], package, level)
           ^^^^^^^^^^^^^^^^^^^^^^^^^^^^^^^^^^^^^^^^^^^^^^^^^^^^
validation_data/repositories/django_django/tests/check_framework/test_commands.py:1: in &lt;module&gt;
    from django.core import checks
E   ModuleNotFoundError: No module named 'django'</error></testcase><testcase classname="" name="validation_data.repositories.django_django.tests.check_framework.test_database" time="0.000"><error message="collection failure">ImportError while importing test module '/home/dee/workspace/AI/Repo-Scanner/validation_data/repositories/django_django/tests/check_framework/test_database.py'.
Hint: make sure your test modules/packages have valid Python names.
Traceback:
../../../.pyenv/versions/3.11.9/lib/python3.11/importlib/__init__.py:126: in import_module
    return _bootstrap._gcd_import(name[level:], package, level)
           ^^^^^^^^^^^^^^^^^^^^^^^^^^^^^^^^^^^^^^^^^^^^^^^^^^^^
validation_data/repositories/django_django/tests/check_framework/test_database.py:4: in &lt;module&gt;
    from django.core.checks.database import check_database_backends
E   ModuleNotFoundError: No module named 'django'</error></testcase><testcase classname="" name="validation_data.repositories.django_django.tests.check_framework.test_files" time="0.000"><error message="collection failure">ImportError while importing test module '/home/dee/workspace/AI/Repo-Scanner/validation_data/repositories/django_django/tests/check_framework/test_files.py'.
Hint: make sure your test modules/packages have valid Python names.
Traceback:
../../../.pyenv/versions/3.11.9/lib/python3.11/importlib/__init__.py:126: in import_module
    return _bootstrap._gcd_import(name[level:], package, level)
           ^^^^^^^^^^^^^^^^^^^^^^^^^^^^^^^^^^^^^^^^^^^^^^^^^^^^
validation_data/repositories/django_django/tests/check_framework/test_files.py:3: in &lt;module&gt;
    from django.core.checks import Error
E   ModuleNotFoundError: No module named 'django'</error></testcase><testcase classname="" name="validation_data.repositories.django_django.tests.check_framework.test_model_checks" time="0.000"><error message="collection failure">ImportError while importing test module '/home/dee/workspace/AI/Repo-Scanner/validation_data/repositories/django_django/tests/check_framework/test_model_checks.py'.
Hint: make sure your test modules/packages have valid Python names.
Traceback:
../../../.pyenv/versions/3.11.9/lib/python3.11/importlib/__init__.py:126: in import_module
    return _bootstrap._gcd_import(name[level:], package, level)
           ^^^^^^^^^^^^^^^^^^^^^^^^^^^^^^^^^^^^^^^^^^^^^^^^^^^^
validation_data/repositories/django_django/tests/check_framework/test_model_checks.py:1: in &lt;module&gt;
    from django.core import checks
E   ModuleNotFoundError: No module named 'django'</error></testcase><testcase classname="" name="validation_data.repositories.django_django.tests.check_framework.test_model_field_deprecation" time="0.000"><error message="collection failure">ImportError while importing test module '/home/dee/workspace/AI/Repo-Scanner/validation_data/repositories/django_django/tests/check_framework/test_model_field_deprecation.py'.
Hint: make sure your test modules/packages have valid Python names.
Traceback:
../../../.pyenv/versions/3.11.9/lib/python3.11/importlib/__init__.py:126: in import_module
    return _bootstrap._gcd_import(name[level:], package, level)
           ^^^^^^^^^^^^^^^^^^^^^^^^^^^^^^^^^^^^^^^^^^^^^^^^^^^^
validation_data/repositories/django_django/tests/check_framework/test_model_field_deprecation.py:1: in &lt;module&gt;
    from django.core import checks
E   ModuleNotFoundError: No module named 'django'</error></testcase><testcase classname="" name="validation_data.repositories.django_django.tests.check_framework.test_multi_db" time="0.000"><error message="collection failure">ImportError while importing test module '/home/dee/workspace/AI/Repo-Scanner/validation_data/repositories/django_django/tests/check_framework/test_multi_db.py'.
Hint: make sure your test modules/packages have valid Python names.
Traceback:
../../../.pyenv/versions/3.11.9/lib/python3.11/importlib/__init__.py:126: in import_module
    return _bootstrap._gcd_import(name[level:], package, level)
           ^^^^^^^^^^^^^^^^^^^^^^^^^^^^^^^^^^^^^^^^^^^^^^^^^^^^
validation_data/repositories/django_django/tests/check_framework/test_multi_db.py:3: in &lt;module&gt;
    from django.db import connections, models
E   ModuleNotFoundError: No module named 'django'</error></testcase><testcase classname="" name="validation_data.repositories.django_django.tests.check_framework.test_security" time="0.000"><error message="collection failure">ImportError while importing test module '/home/dee/workspace/AI/Repo-Scanner/validation_data/repositories/django_django/tests/check_framework/test_security.py'.
Hint: make sure your test modules/packages have valid Python names.
Traceback:
../../../.pyenv/versions/3.11.9/lib/python3.11/importlib/__init__.py:126: in import_module
    return _bootstrap._gcd_import(name[level:], package, level)
           ^^^^^^^^^^^^^^^^^^^^^^^^^^^^^^^^^^^^^^^^^^^^^^^^^^^^
validation_data/repositories/django_django/tests/check_framework/test_security.py:3: in &lt;module&gt;
    from django.conf import settings
E   ModuleNotFoundError: No module named 'django'</error></testcase><testcase classname="" name="validation_data.repositories.django_django.tests.check_framework.test_templates" time="0.000"><error message="collection failure">ImportError while importing test module '/home/dee/workspace/AI/Repo-Scanner/validation_data/repositories/django_django/tests/check_framework/test_templates.py'.
Hint: make sure your test modules/packages have valid Python names.
Traceback:
../../../.pyenv/versions/3.11.9/lib/python3.11/importlib/__init__.py:126: in import_module
    return _bootstrap._gcd_import(name[level:], package, level)
           ^^^^^^^^^^^^^^^^^^^^^^^^^^^^^^^^^^^^^^^^^^^^^^^^^^^^
validation_data/repositories/django_django/tests/check_framework/test_templates.py:4: in &lt;module&gt;
    from django.core.checks import Error, Warning
E   ModuleNotFoundError: No module named 'django'</error></testcase><testcase classname="" name="validation_data.repositories.django_django.tests.check_framework.test_translation" time="0.000"><error message="collection failure">ImportError while importing test module '/home/dee/workspace/AI/Repo-Scanner/validation_data/repositories/django_django/tests/check_framework/test_translation.py'.
Hint: make sure your test modules/packages have valid Python names.
Traceback:
../../../.pyenv/versions/3.11.9/lib/python3.11/importlib/__init__.py:126: in import_module
    return _bootstrap._gcd_import(name[level:], package, level)
           ^^^^^^^^^^^^^^^^^^^^^^^^^^^^^^^^^^^^^^^^^^^^^^^^^^^^
validation_data/repositories/django_django/tests/check_framework/test_translation.py:1: in &lt;module&gt;
    from django.core.checks import Error
E   ModuleNotFoundError: No module named 'django'</error></testcase><testcase classname="" name="validation_data.repositories.django_django.tests.check_framework.test_urls" time="0.000"><error message="collection failure">ImportError while importing test module '/home/dee/workspace/AI/Repo-Scanner/validation_data/repositories/django_django/tests/check_framework/test_urls.py'.
Hint: make sure your test modules/packages have valid Python names.
Traceback:
../../../.pyenv/versions/3.11.9/lib/python3.11/importlib/__init__.py:126: in import_module
    return _bootstrap._gcd_import(name[level:], package, level)
           ^^^^^^^^^^^^^^^^^^^^^^^^^^^^^^^^^^^^^^^^^^^^^^^^^^^^
validation_data/repositories/django_django/tests/check_framework/test_urls.py:1: in &lt;module&gt;
    from django.conf import settings
E   ModuleNotFoundError: No module named 'django'</error></testcase><testcase classname="" name="validation_data.repositories.django_django.tests.composite_pk.test_aggregate" time="0.000"><error message="collection failure">ImportError while importing test module '/home/dee/workspace/AI/Repo-Scanner/validation_data/repositories/django_django/tests/composite_pk/test_aggregate.py'.
Hint: make sure your test modules/packages have valid Python names.
Traceback:
../../../.pyenv/versions/3.11.9/lib/python3.11/importlib/__init__.py:126: in import_module
    return _bootstrap._gcd_import(name[level:], package, level)
           ^^^^^^^^^^^^^^^^^^^^^^^^^^^^^^^^^^^^^^^^^^^^^^^^^^^^
validation_data/repositories/django_django/tests/composite_pk/test_aggregate.py:1: in &lt;module&gt;
    from django.db.models import Count, Max, Q
E   ModuleNotFoundError: No module named 'django'</error></testcase><testcase classname="" name="validation_data.repositories.django_django.tests.composite_pk.test_checks" time="0.000"><error message="collection failure">ImportError while importing test module '/home/dee/workspace/AI/Repo-Scanner/validation_data/repositories/django_django/tests/composite_pk/test_checks.py'.
Hint: make sure your test modules/packages have valid Python names.
Traceback:
../../../.pyenv/versions/3.11.9/lib/python3.11/importlib/__init__.py:126: in import_module
    return _bootstrap._gcd_import(name[level:], package, level)
           ^^^^^^^^^^^^^^^^^^^^^^^^^^^^^^^^^^^^^^^^^^^^^^^^^^^^
validation_data/repositories/django_django/tests/composite_pk/test_checks.py:1: in &lt;module&gt;
    from django.core import checks
E   ModuleNotFoundError: No module named 'django'</error></testcase><testcase classname="" name="validation_data.repositories.django_django.tests.composite_pk.test_create" time="0.000"><error message="collection failure">ImportError while importing test module '/home/dee/workspace/AI/Repo-Scanner/validation_data/repositories/django_django/tests/composite_pk/test_create.py'.
Hint: make sure your test modules/packages have valid Python names.
Traceback:
../../../.pyenv/versions/3.11.9/lib/python3.11/importlib/__init__.py:126: in import_module
    return _bootstrap._gcd_import(name[level:], package, level)
           ^^^^^^^^^^^^^^^^^^^^^^^^^^^^^^^^^^^^^^^^^^^^^^^^^^^^
validation_data/repositories/django_django/tests/composite_pk/test_create.py:1: in &lt;module&gt;
    from django.db import IntegrityError
E   ModuleNotFoundError: No module named 'django'</error></testcase><testcase classname="" name="validation_data.repositories.django_django.tests.composite_pk.test_delete" time="0.000"><error message="collection failure">ImportError while importing test module '/home/dee/workspace/AI/Repo-Scanner/validation_data/repositories/django_django/tests/composite_pk/test_delete.py'.
Hint: make sure your test modules/packages have valid Python names.
Traceback:
../../../.pyenv/versions/3.11.9/lib/python3.11/importlib/__init__.py:126: in import_module
    return _bootstrap._gcd_import(name[level:], package, level)
           ^^^^^^^^^^^^^^^^^^^^^^^^^^^^^^^^^^^^^^^^^^^^^^^^^^^^
validation_data/repositories/django_django/tests/composite_pk/test_delete.py:1: in &lt;module&gt;
    from django.test import TestCase
E   ModuleNotFoundError: No module named 'django'</error></testcase><testcase classname="" name="validation_data.repositories.django_django.tests.composite_pk.test_filter" time="0.000"><error message="collection failure">ImportError while importing test module '/home/dee/workspace/AI/Repo-Scanner/validation_data/repositories/django_django/tests/composite_pk/test_filter.py'.
Hint: make sure your test modules/packages have valid Python names.
Traceback:
../../../.pyenv/versions/3.11.9/lib/python3.11/importlib/__init__.py:126: in import_module
    return _bootstrap._gcd_import(name[level:], package, level)
           ^^^^^^^^^^^^^^^^^^^^^^^^^^^^^^^^^^^^^^^^^^^^^^^^^^^^
validation_data/repositories/django_django/tests/composite_pk/test_filter.py:3: in &lt;module&gt;
    from django.db import NotSupportedError, connection
E   ModuleNotFoundError: No module named 'django'</error></testcase><testcase classname="" name="validation_data.repositories.django_django.tests.composite_pk.test_get" time="0.000"><error message="collection failure">ImportError while importing test module '/home/dee/workspace/AI/Repo-Scanner/validation_data/repositories/django_django/tests/composite_pk/test_get.py'.
Hint: make sure your test modules/packages have valid Python names.
Traceback:
../../../.pyenv/versions/3.11.9/lib/python3.11/importlib/__init__.py:126: in import_module
    return _bootstrap._gcd_import(name[level:], package, level)
           ^^^^^^^^^^^^^^^^^^^^^^^^^^^^^^^^^^^^^^^^^^^^^^^^^^^^
validation_data/repositories/django_django/tests/composite_pk/test_get.py:1: in &lt;module&gt;
    from django.test import TestCase
E   ModuleNotFoundError: No module named 'django'</error></testcase><testcase classname="" name="validation_data.repositories.django_django.tests.composite_pk.test_models" time="0.000"><error message="collection failure">ImportError while importing test module '/home/dee/workspace/AI/Repo-Scanner/validation_data/repositories/django_django/tests/composite_pk/test_models.py'.
Hint: make sure your test modules/packages have valid Python names.
Traceback:
../../../.pyenv/versions/3.11.9/lib/python3.11/importlib/__init__.py:126: in import_module
    return _bootstrap._gcd_import(name[level:], package, level)
           ^^^^^^^^^^^^^^^^^^^^^^^^^^^^^^^^^^^^^^^^^^^^^^^^^^^^
validation_data/repositories/django_django/tests/composite_pk/test_models.py:1: in &lt;module&gt;
    from django.contrib.contenttypes.models import ContentType
E   ModuleNotFoundError: No module named 'django'</error></testcase><testcase classname="" name="validation_data.repositories.django_django.tests.composite_pk.test_names_to_path" time="0.000"><error message="collection failure">ImportError while importing test module '/home/dee/workspace/AI/Repo-Scanner/validation_data/repositories/django_django/tests/composite_pk/test_names_to_path.py'.
Hint: make sure your test modules/packages have valid Python names.
Traceback:
../../../.pyenv/versions/3.11.9/lib/python3.11/importlib/__init__.py:126: in import_module
    return _bootstrap._gcd_import(name[level:], package, level)
           ^^^^^^^^^^^^^^^^^^^^^^^^^^^^^^^^^^^^^^^^^^^^^^^^^^^^
[...]
Hint: make sure your test modules/packages have valid Python names.
Traceback:
../../../.pyenv/versions/3.11.9/lib/python3.11/importlib/__init__.py:126: in import_module
    return _bootstrap._gcd_import(name[level:], package, level)
           ^^^^^^^^^^^^^^^^^^^^^^^^^^^^^^^^^^^^^^^^^^^^^^^^^^^^
E   ModuleNotFoundError: No module named 'tests.test_validate_response_dataclass'</error></testcase><testcase classname="" name="validation_data.repositories.fastapi_fastapi.tests.test_validate_response_recursive.test_validate_response_recursive" time="0.000"><error message="collection failure">ImportError while importing test module '/home/dee/workspace/AI/Repo-Scanner/validation_data/repositories/fastapi_fastapi/tests/test_validate_response_recursive/test_validate_response_recursive.py'.
Hint: make sure your test modules/packages have valid Python names.
Traceback:
../../../.pyenv/versions/3.11.9/lib/python3.11/importlib/__init__.py:126: in import_module
    return _bootstrap._gcd_import(name[level:], package, level)
           ^^^^^^^^^^^^^^^^^^^^^^^^^^^^^^^^^^^^^^^^^^^^^^^^^^^^
E   ModuleNotFoundError: No module named 'tests.test_validate_response_recursive'</error></testcase><testcase classname="" name="validation_data.repositories.fastapi_fastapi.tests.test_validation_error_context" time="0.000"><error message="collection failure">ImportError while importing test module '/home/dee/workspace/AI/Repo-Scanner/validation_data/repositories/fastapi_fastapi/tests/test_validation_error_context.py'.
Hint: make sure your test modules/packages have valid Python names.
Traceback:
../../../.pyenv/versions/3.11.9/lib/python3.11/importlib/__init__.py:126: in import_module
    return _bootstrap._gcd_import(name[level:], package, level)
           ^^^^^^^^^^^^^^^^^^^^^^^^^^^^^^^^^^^^^^^^^^^^^^^^^^^^
E   ModuleNotFoundError: No module named 'tests.test_validation_error_context'</error></testcase><testcase classname="" name="validation_data.repositories.fastapi_fastapi.tests.test_webhooks_security" time="0.000"><error message="collection failure">ImportError while importing test module '/home/dee/workspace/AI/Repo-Scanner/validation_data/repositories/fastapi_fastapi/tests/test_webhooks_security.py'.
Hint: make sure your test modules/packages have valid Python names.
Traceback:
../../../.pyenv/versions/3.11.9/lib/python3.11/importlib/__init__.py:126: in import_module
    return _bootstrap._gcd_import(name[level:], package, level)
           ^^^^^^^^^^^^^^^^^^^^^^^^^^^^^^^^^^^^^^^^^^^^^^^^^^^^
E   ModuleNotFoundError: No module named 'tests.test_webhooks_security'</error></testcase><testcase classname="" name="validation_data.repositories.fastapi_fastapi.tests.test_wrapped_method_forward_reference" time="0.000"><error message="collection failure">ImportError while importing test module '/home/dee/workspace/AI/Repo-Scanner/validation_data/repositories/fastapi_fastapi/tests/test_wrapped_method_forward_reference.py'.
Hint: make sure your test modules/packages have valid Python names.
Traceback:
../../../.pyenv/versions/3.11.9/lib/python3.11/importlib/__init__.py:126: in import_module
    return _bootstrap._gcd_import(name[level:], package, level)
           ^^^^^^^^^^^^^^^^^^^^^^^^^^^^^^^^^^^^^^^^^^^^^^^^^^^^
E   ModuleNotFoundError: No module named 'tests.test_wrapped_method_forward_reference'</error></testcase><testcase classname="" name="validation_data.repositories.fastapi_fastapi.tests.test_ws_dependencies" time="0.000"><error message="collection failure">ImportError while importing test module '/home/dee/workspace/AI/Repo-Scanner/validation_data/repositories/fastapi_fastapi/tests/test_ws_dependencies.py'.
Hint: make sure your test modules/packages have valid Python names.
Traceback:
../../../.pyenv/versions/3.11.9/lib/python3.11/importlib/__init__.py:126: in import_module
    return _bootstrap._gcd_import(name[level:], package, level)
           ^^^^^^^^^^^^^^^^^^^^^^^^^^^^^^^^^^^^^^^^^^^^^^^^^^^^
E   ModuleNotFoundError: No module named 'tests.test_ws_dependencies'</error></testcase><testcase classname="" name="validation_data.repositories.fastapi_fastapi.tests.test_ws_router" time="0.000"><error message="collection failure">ImportError while importing test module '/home/dee/workspace/AI/Repo-Scanner/validation_data/repositories/fastapi_fastapi/tests/test_ws_router.py'.
Hint: make sure your test modules/packages have valid Python names.
Traceback:
../../../.pyenv/versions/3.11.9/lib/python3.11/importlib/__init__.py:126: in import_module
    return _bootstrap._gcd_import(name[level:], package, level)
           ^^^^^^^^^^^^^^^^^^^^^^^^^^^^^^^^^^^^^^^^^^^^^^^^^^^^
E   ModuleNotFoundError: No module named 'tests.test_ws_router'</error></testcase><testcase classname="" name="validation_data.repositories.google_googletest.googlemock.test.gmock_leak_test" time="0.000"><error message="collection failure">ImportError while importing test module '/home/dee/workspace/AI/Repo-Scanner/validation_data/repositories/google_googletest/googlemock/test/gmock_leak_test.py'.
Hint: make sure your test modules/packages have valid Python names.
Traceback:
../../../.pyenv/versions/3.11.9/lib/python3.11/importlib/__init__.py:126: in import_module
    return _bootstrap._gcd_import(name[level:], package, level)
           ^^^^^^^^^^^^^^^^^^^^^^^^^^^^^^^^^^^^^^^^^^^^^^^^^^^^
validation_data/repositories/google_googletest/googlemock/test/gmock_leak_test.py:34: in &lt;module&gt;
    from googlemock.test import gmock_test_utils
E   ModuleNotFoundError: No module named 'googlemock'</error></testcase><testcase classname="" name="validation_data.repositories.google_googletest.googlemock.test.gmock_output_test" time="0.000"><error message="collection failure">ImportError while importing test module '/home/dee/workspace/AI/Repo-Scanner/validation_data/repositories/google_googletest/googlemock/test/gmock_output_test.py'.
Hint: make sure your test modules/packages have valid Python names.
Traceback:
../../../.pyenv/versions/3.11.9/lib/python3.11/importlib/__init__.py:126: in import_module
    return _bootstrap._gcd_import(name[level:], package, level)
           ^^^^^^^^^^^^^^^^^^^^^^^^^^^^^^^^^^^^^^^^^^^^^^^^^^^^
validation_data/repositories/google_googletest/googlemock/test/gmock_output_test.py:46: in &lt;module&gt;
    from googlemock.test import gmock_test_utils
E   ModuleNotFoundError: No module named 'googlemock'</error></testcase><testcase classname="" name="validation_data.repositories.google_googletest.googletest.test.gtest_help_test" time="0.000"><error message="collection failure">ImportError while importing test module '/home/dee/workspace/AI/Repo-Scanner/validation_data/repositories/google_googletest/googletest/test/gtest_help_test.py'.
Hint: make sure your test modules/packages have valid Python names.
Traceback:
../../../.pyenv/versions/3.11.9/lib/python3.11/importlib/__init__.py:126: in import_module
    return _bootstrap._gcd_import(name[level:], package, level)
           ^^^^^^^^^^^^^^^^^^^^^^^^^^^^^^^^^^^^^^^^^^^^^^^^^^^^
validation_data/repositories/google_googletest/googletest/test/gtest_help_test.py:43: in &lt;module&gt;
    from googletest.test import gtest_test_utils
E   ModuleNotFoundError: No module named 'googletest'</error></testcase><testcase classname="" name="validation_data.repositories.google_googletest.googletest.test.gtest_skip_check_output_test" time="0.000"><error message="collection failure">ImportError while importing test module '/home/dee/workspace/AI/Repo-Scanner/validation_data/repositories/google_googletest/googletest/test/gtest_skip_check_output_test.py'.
Hint: make sure your test modules/packages have valid Python names.
Traceback:
../../../.pyenv/versions/3.11.9/lib/python3.11/importlib/__init__.py:126: in import_module
    return _bootstrap._gcd_import(name[level:], package, level)
           ^^^^^^^^^^^^^^^^^^^^^^^^^^^^^^^^^^^^^^^^^^^^^^^^^^^^
validation_data/repositories/google_googletest/googletest/test/gtest_skip_check_output_test.py:38: in &lt;module&gt;
    from googletest.test import gtest_test_utils
E   ModuleNotFoundError: No module named 'googletest'</error></testcase><testcase classname="" name="validation_data.repositories.google_googletest.googletest.test.gtest_skip_environment_check_output_test" time="0.000"><error message="collection failure">ImportError while importing test module '/home/dee/workspace/AI/Repo-Scanner/validation_data/repositories/google_googletest/googletest/test/gtest_skip_environment_check_output_test.py'.
Hint: make sure your test modules/packages have valid Python names.
Traceback:
../../../.pyenv/versions/3.11.9/lib/python3.11/importlib/__init__.py:126: in import_module
    return _bootstrap._gcd_import(name[level:], package, level)
           ^^^^^^^^^^^^^^^^^^^^^^^^^^^^^^^^^^^^^^^^^^^^^^^^^^^^
validation_data/repositories/google_googletest/googletest/test/gtest_skip_environment_check_output_test.py:36: in &lt;module&gt;
    from googletest.test import gtest_test_utils
E   ModuleNotFoundError: No module named 'googletest'</error></testcase><testcase classname="" name="validation_data.repositories.google_googletest.googletest.test.gtest_testbridge_test" time="0.000"><error message="collection failure">ImportError while importing test module '/home/dee/workspace/AI/Repo-Scanner/validation_data/repositories/google_googletest/googletest/test/gtest_testbridge_test.py'.
Hint: make sure your test modules/packages have valid Python names.
Traceback:
../../../.pyenv/versions/3.11.9/lib/python3.11/importlib/__init__.py:126: in import_module
    return _bootstrap._gcd_import(name[level:], package, level)
           ^^^^^^^^^^^^^^^^^^^^^^^^^^^^^^^^^^^^^^^^^^^^^^^^^^^^
validation_data/repositories/google_googletest/googletest/test/gtest_testbridge_test.py:34: in &lt;module&gt;
    from googletest.test import gtest_test_utils
E   ModuleNotFoundError: No module named 'googletest'</error></testcase><testcase classname="" name="validation_data.repositories.google_googletest.googletest.test.gtest_xml_outfiles_test" time="0.000"><error message="collection failure">ImportError while importing test module '/home/dee/workspace/AI/Repo-Scanner/validation_data/repositories/google_googletest/googletest/test/gtest_xml_outfiles_test.py'.
Hint: make sure your test modules/packages have valid Python names.
Traceback:
../../../.pyenv/versions/3.11.9/lib/python3.11/importlib/__init__.py:126: in import_module
    return _bootstrap._gcd_import(name[level:], package, level)
           ^^^^^^^^^^^^^^^^^^^^^^^^^^^^^^^^^^^^^^^^^^^^^^^^^^^^
validation_data/repositories/google_googletest/googletest/test/gtest_xml_outfiles_test.py:36: in &lt;module&gt;
    from googletest.test import gtest_test_utils
E   ModuleNotFoundError: No module named 'googletest'</error></testcase><testcase classname="" name="validation_data.repositories.jupyter_notebook.tests" time="0.000"><error message="collection failure">../../../.pyenv/versions/3.11.9/lib/python3.11/importlib/__init__.py:126: in import_module
    return _bootstrap._gcd_import(name[level:], package, level)
           ^^^^^^^^^^^^^^^^^^^^^^^^^^^^^^^^^^^^^^^^^^^^^^^^^^^^
&lt;frozen importlib._bootstrap&gt;:1204: in _gcd_import
    ???
&lt;frozen importlib._bootstrap&gt;:1176: in _find_and_load
    ???
&lt;frozen importlib._bootstrap&gt;:1147: in _find_and_load_unlocked
    ???
&lt;frozen importlib._bootstrap&gt;:690: in _load_unlocked
    ???
../../../.pyenv/versions/3.11.9/lib/python3.11/site-packages/_pytest/assertion/rewrite.py:197: in exec_module
    exec(co, module.__dict__)
validation_data/repositories/jupyter_notebook/tests/conftest.py:16: in &lt;module&gt;
    from notebook.app import JupyterNotebookApp
E   ModuleNotFoundError: No module named 'notebook'</error></testcase><testcase classname="pytest" name="internal" time="0.000"><error message="internal error">Traceback (most recent call last):
  File "/home/dee/.pyenv/versions/3.11.9/lib/python3.11/site-packages/_pytest/main.py", line 318, in wrap_session
    session.exitstatus = doit(config, session) or 0
                         ^^^^^^^^^^^^^^^^^^^^^
  File "/home/dee/.pyenv/versions/3.11.9/lib/python3.11/site-packages/_pytest/main.py", line 371, in _main
    config.hook.pytest_collection(session=session)
  File "/home/dee/.pyenv/versions/3.11.9/lib/python3.11/site-packages/pluggy/_hooks.py", line 512, in __call__
    return self._hookexec(self.name, self._hookimpls.copy(), kwargs, firstresult)
           ^^^^^^^^^^^^^^^^^^^^^^^^^^^^^^^^^^^^^^^^^^^^^^^^^^^^^^^^^^^^^^^^^^^^^^
  File "/home/dee/.pyenv/versions/3.11.9/lib/python3.11/site-packages/pluggy/_manager.py", line 120, in _hookexec
    return self._inner_hookexec(hook_name, methods, kwargs, firstresult)
           ^^^^^^^^^^^^^^^^^^^^^^^^^^^^^^^^^^^^^^^^^^^^^^^^^^^^^^^^^^^^^
  File "/home/dee/.pyenv/versions/3.11.9/lib/python3.11/site-packages/pluggy/_callers.py", line 167, in _multicall
    raise exception
  File "/home/dee/.pyenv/versions/3.11.9/lib/python3.11/site-packages/pluggy/_callers.py", line 139, in _multicall
    teardown.throw(exception)
  File "/home/dee/.pyenv/versions/3.11.9/lib/python3.11/site-packages/_pytest/logging.py", line 788, in pytest_collection
    return (yield)
            ^^^^^
  File "/home/dee/.pyenv/versions/3.11.9/lib/python3.11/site-packages/pluggy/_callers.py", line 139, in _multicall
    teardown.throw(exception)
  File "/home/dee/.pyenv/versions/3.11.9/lib/python3.11/site-packages/_pytest/warnings.py", line 98, in pytest_collection
    return (yield)
            ^^^^^
  File "/home/dee/.pyenv/versions/3.11.9/lib/python3.11/site-packages/pluggy/_callers.py", line 139, in _multicall
    teardown.throw(exception)
  File "/home/dee/.pyenv/versions/3.11.9/lib/python3.11/site-packages/_pytest/config/__init__.py", line 1372, in pytest_collection
    return (yield)
            ^^^^^
  File "/home/dee/.pyenv/versions/3.11.9/lib/python3.11/site-packages/pluggy/_callers.py", line 121, in _multicall
    res = hook_impl.function(*args)
          ^^^^^^^^^^^^^^^^^^^^^^^^^
  File "/home/dee/.pyenv/versions/3.11.9/lib/python3.11/site-packages/_pytest/main.py", line 382, in pytest_collection
    session.perform_collect()
  File "/home/dee/.pyenv/versions/3.11.9/lib/python3.11/site-packages/_pytest/main.py", line 857, in perform_collect
    self.items.extend(self.genitems(node))
  File "/home/dee/.pyenv/versions/3.11.9/lib/python3.11/site-packages/_pytest/main.py", line 1023, in genitems
    yield from self.genitems(subnode)
  File "/home/dee/.pyenv/versions/3.11.9/lib/python3.11/site-packages/_pytest/main.py", line 1023, in genitems
    yield from self.genitems(subnode)
  File "/home/dee/.pyenv/versions/3.11.9/lib/python3.11/site-packages/_pytest/main.py", line 1023, in genitems
    yield from self.genitems(subnode)
  [Previous line repeated 3 more times]
  File "/home/dee/.pyenv/versions/3.11.9/lib/python3.11/site-packages/_pytest/main.py", line 1020, in genitems
    rep, duplicate = self._collect_one_node(node, handle_dupes)
                     ^^^^^^^^^^^^^^^^^^^^^^^^^^^^^^^^^^^^^^^^^^
  File "/home/dee/.pyenv/versions/3.11.9/lib/python3.11/site-packages/_pytest/main.py", line 883, in _collect_one_node
    rep = collect_one_node(node)
          ^^^^^^^^^^^^^^^^^^^^^^
  File "/home/dee/.pyenv/versions/3.11.9/lib/python3.11/site-packages/_pytest/runner.py", line 576, in collect_one_node
    rep: CollectReport = ihook.pytest_make_collect_report(collector=collector)
                         ^^^^^^^^^^^^^^^^^^^^^^^^^^^^^^^^^^^^^^^^^^^^^^^^^^^^^
  File "/home/dee/.pyenv/versions/3.11.9/lib/python3.11/site-packages/pluggy/_hooks.py", line 512, in __call__
    return self._hookexec(self.name, self._hookimpls.copy(), kwargs, firstresult)
           ^^^^^^^^^^^^^^^^^^^^^^^^^^^^^^^^^^^^^^^^^^^^^^^^^^^^^^^^^^^^^^^^^^^^^^
  File "/home/dee/.pyenv/versions/3.11.9/lib/python3.11/site-packages/pluggy/_manager.py", line 120, in _hookexec
    return self._inner_hookexec(hook_name, methods, kwargs, firstresult)
           ^^^^^^^^^^^^^^^^^^^^^^^^^^^^^^^^^^^^^^^^^^^^^^^^^^^^^^^^^^^^^
  File "/home/dee/.pyenv/versions/3.11.9/lib/python3.11/site-packages/pluggy/_callers.py", line 167, in _multicall
    raise exception
  File "/home/dee/.pyenv/versions/3.11.9/lib/python3.11/site-packages/pluggy/_callers.py", line 139, in _multicall
    teardown.throw(exception)
  File "/home/dee/.pyenv/versions/3.11.9/lib/python3.11/site-packages/_pytest/capture.py", line 880, in pytest_make_collect_report
    rep = yield
          ^^^^^
  File "/home/dee/.pyenv/versions/3.11.9/lib/python3.11/site-packages/pluggy/_callers.py", line 121, in _multicall
    res = hook_impl.function(*args)
          ^^^^^^^^^^^^^^^^^^^^^^^^^
  File "/home/dee/.pyenv/versions/3.11.9/lib/python3.11/site-packages/_pytest/runner.py", line 400, in pytest_make_collect_report
    call = CallInfo.from_call(
           ^^^^^^^^^^^^^^^^^^^
  File "/home/dee/.pyenv/versions/3.11.9/lib/python3.11/site-packages/_pytest/runner.py", line 353, in from_call
    result: TResult | None = func()
                             ^^^^^^
  File "/home/dee/.pyenv/versions/3.11.9/lib/python3.11/site-packages/_pytest/runner.py", line 398, in collect
    return list(collector.collect())
                ^^^^^^^^^^^^^^^^^^^
  File "/home/dee/.pyenv/versions/3.11.9/lib/python3.11/site-packages/_pytest/python.py", line 563, in collect
    self._register_setup_module_fixture()
  File "/home/dee/.pyenv/versions/3.11.9/lib/python3.11/site-packages/_pytest/python.py", line 576, in _register_setup_module_fixture
    self.obj, ("setUpModule", "setup_module")
    ^^^^^^^^
  File "/home/dee/.pyenv/versions/3.11.9/lib/python3.11/site-packages/_pytest/python.py", line 289, in obj
    self._obj = obj = self._getobj()
                      ^^^^^^^^^^^^^^
  File "/home/dee/.pyenv/versions/3.11.9/lib/python3.11/site-packages/_pytest/python.py", line 560, in _getobj
    return importtestmodule(self.path, self.config)
           ^^^^^^^^^^^^^^^^^^^^^^^^^^^^^^^^^^^^^^^^
  File "/home/dee/.pyenv/versions/3.11.9/lib/python3.11/site-packages/_pytest/python.py", line 507, in importtestmodule
    mod = import_path(
          ^^^^^^^^^^^^
  File "/home/dee/.pyenv/versions/3.11.9/lib/python3.11/site-packages/_pytest/pathlib.py", line 587, in import_path
    importlib.import_module(module_name)
  File "/home/dee/.pyenv/versions/3.11.9/lib/python3.11/importlib/__init__.py", line 126, in import_module
    return _bootstrap._gcd_import(name[level:], package, level)
           ^^^^^^^^^^^^^^^^^^^^^^^^^^^^^^^^^^^^^^^^^^^^^^^^^^^^
  File "&lt;frozen importlib._bootstrap&gt;", line 1204, in _gcd_import
  File "&lt;frozen importlib._bootstrap&gt;", line 1176, in _find_and_load
  File "&lt;frozen importlib._bootstrap&gt;", line 1147, in _find_and_load_unlocked
  File "&lt;frozen importlib._bootstrap&gt;", line 690, in _load_unlocked
  File "/home/dee/.pyenv/versions/3.11.9/lib/python3.11/site-packages/_pytest/assertion/rewrite.py", line 197, in exec_module
    exec(co, module.__dict__)
  File "/home/dee/workspace/AI/Repo-Scanner/validation_data/repositories/kubernetes_kubernetes/hack/boilerplate/boilerplate_test.py", line 23, in &lt;module&gt;
    import boilerplate
  File "/home/dee/workspace/AI/Repo-Scanner/validation_data/repositories/kubernetes_kubernetes/hack/boilerplate/boilerplate.py", line 44, in &lt;module&gt;
    args = parser.parse_args()
           ^^^^^^^^^^^^^^^^^^^
  File "/home/dee/.pyenv/versions/3.11.9/lib/python3.11/argparse.py", line 1877, in parse_args
    self.error(msg % ' '.join(argv))
  File "/home/dee/.pyenv/versions/3.11.9/lib/python3.11/argparse.py", line 2640, in error
    self.exit(2, _('%(prog)s: error: %(message)s\n') % args)
  File "/home/dee/.pyenv/versions/3.11.9/lib/python3.11/argparse.py", line 2627, in exit
    _sys.exit(status)
SystemExit: 2</error></testcase></testsuite></testsuites>